********************************************************************************
* Tue Dec 18 09:58:39 2012 UTC
* lumitype: PIXEL , datatag: pixelv0 , normtag: PIXELV1 , worktag: HEAD
* 
* by:
* /afs/cern.ch/work/m/mmerola/CMSSW_4_4_5/bin/slc5_amd64_gcc434/pixelLumiCalc.py
* 
* update: NONE
********************************************************************************
[WARNING] lumi or trg for selected run/ls 180241 415 not in lumiDB
[WARNING] lumi or trg for selected run/ls 180241 416 not in lumiDB
[WARNING] lumi or trg for selected run/ls 180250 539 not in lumiDB
[WARNING] lumi or trg for selected run/ls 177184 37 not in lumiDB
[WARNING] lumi or trg for selected run/ls 177184 38 not in lumiDB
[WARNING] lumi or trg for selected run/ls 177184 39 not in lumiDB
[WARNING] lumi or trg for selected run/ls 177184 40 not in lumiDB
[WARNING] lumi or trg for selected run/ls 177184 41 not in lumiDB
[WARNING] lumi or trg for selected run/ls 176169 134 not in lumiDB
[WARNING] lumi or trg for selected run/ls 176169 135 not in lumiDB
[WARNING] lumi or trg for selected run/ls 176169 136 not in lumiDB
[WARNING] lumi or trg for selected run/ls 176169 137 not in lumiDB
[WARNING] lumi or trg for selected run/ls 176169 138 not in lumiDB
[WARNING] lumi or trg for selected run/ls 176169 139 not in lumiDB
[WARNING] lumi or trg for selected run/ls 176169 140 not in lumiDB
[WARNING] lumi or trg for selected run/ls 177201 795 not in lumiDB
[WARNING] lumi or trg for selected run/ls 177201 796 not in lumiDB
[WARNING] lumi or trg for selected run/ls 177201 797 not in lumiDB
[WARNING] lumi or trg for selected run/ls 177201 798 not in lumiDB
[WARNING] lumi or trg for selected run/ls 177201 799 not in lumiDB
[WARNING] lumi or trg for selected run/ls 178738 247 not in lumiDB
[WARNING] lumi or trg for selected run/ls 178738 248 not in lumiDB
[WARNING] lumi or trg for selected run/ls 178738 249 not in lumiDB
[WARNING] lumi or trg for selected run/ls 178738 250 not in lumiDB
[WARNING] lumi or trg for selected run/ls 178738 251 not in lumiDB
[WARNING] lumi or trg for selected run/ls 178738 252 not in lumiDB
[WARNING] lumi or trg for selected run/ls 177222 337 not in lumiDB
[WARNING] lumi or trg for selected run/ls 177222 338 not in lumiDB
[WARNING] lumi or trg for selected run/ls 177222 339 not in lumiDB
[WARNING] lumi or trg for selected run/ls 177222 340 not in lumiDB
[WARNING] lumi or trg for selected run/ls 177222 341 not in lumiDB
[WARNING] lumi or trg for selected run/ls 177222 342 not in lumiDB
[WARNING] lumi or trg for selected run/ls 176207 227 not in lumiDB
[WARNING] lumi or trg for selected run/ls 176207 228 not in lumiDB
[WARNING] lumi or trg for selected run/ls 176207 229 not in lumiDB
[WARNING] lumi or trg for selected run/ls 176207 230 not in lumiDB
[WARNING] lumi or trg for selected run/ls 178786 224 not in lumiDB
[WARNING] lumi or trg for selected run/ls 178786 225 not in lumiDB
[WARNING] lumi or trg for selected run/ls 178786 226 not in lumiDB
[WARNING] lumi or trg for selected run/ls 178786 227 not in lumiDB
[WARNING] lumi or trg for selected run/ls 177776 106 not in lumiDB
[WARNING] lumi or trg for selected run/ls 177776 107 not in lumiDB
[WARNING] lumi or trg for selected run/ls 177776 108 not in lumiDB
[WARNING] lumi or trg for selected run/ls 175976 99 not in lumiDB
[WARNING] lumi or trg for selected run/ls 175976 100 not in lumiDB
[WARNING] lumi or trg for selected run/ls 175976 101 not in lumiDB
[WARNING] lumi or trg for selected run/ls 175976 102 not in lumiDB
[WARNING] lumi or trg for selected run/ls 178803 452 not in lumiDB
[WARNING] lumi or trg for selected run/ls 178803 453 not in lumiDB
[WARNING] lumi or trg for selected run/ls 178803 454 not in lumiDB
[WARNING] lumi or trg for selected run/ls 178803 455 not in lumiDB
[WARNING] lumi or trg for selected run/ls 178803 456 not in lumiDB
[WARNING] lumi or trg for selected run/ls 178803 457 not in lumiDB
[WARNING] lumi or trg for selected run/ls 177789 86 not in lumiDB
[WARNING] lumi or trg for selected run/ls 176771 151 not in lumiDB
[WARNING] lumi or trg for selected run/ls 176771 152 not in lumiDB
[WARNING] lumi or trg for selected run/ls 176771 153 not in lumiDB
[WARNING] lumi or trg for selected run/ls 176771 154 not in lumiDB
[WARNING] lumi or trg for selected run/ls 176771 155 not in lumiDB
[WARNING] lumi or trg for selected run/ls 176771 156 not in lumiDB
[WARNING] lumi or trg for selected run/ls 176289 69 not in lumiDB
[WARNING] lumi or trg for selected run/ls 176289 70 not in lumiDB
[WARNING] lumi or trg for selected run/ls 176289 71 not in lumiDB
[WARNING] lumi or trg for selected run/ls 176289 72 not in lumiDB
[WARNING] lumi or trg for selected run/ls 176289 73 not in lumiDB
[WARNING] lumi or trg for selected run/ls 176289 74 not in lumiDB
[WARNING] lumi or trg for selected run/ls 176289 75 not in lumiDB
[WARNING] lumi or trg for selected run/ls 176805 97 not in lumiDB
[WARNING] lumi or trg for selected run/ls 176807 455 not in lumiDB
[WARNING] lumi or trg for selected run/ls 176807 456 not in lumiDB
[WARNING] lumi or trg for selected run/ls 176807 457 not in lumiDB
[WARNING] lumi or trg for selected run/ls 176807 458 not in lumiDB
[WARNING] lumi or trg for selected run/ls 176807 459 not in lumiDB
[WARNING] lumi or trg for selected run/ls 176807 460 not in lumiDB
[WARNING] lumi or trg for selected run/ls 176807 461 not in lumiDB
[WARNING] lumi or trg for selected run/ls 178985 78 not in lumiDB
[WARNING] lumi or trg for selected run/ls 178985 79 not in lumiDB
[WARNING] lumi or trg for selected run/ls 178985 80 not in lumiDB
[WARNING] lumi or trg for selected run/ls 178985 81 not in lumiDB
[WARNING] lumi or trg for selected run/ls 179889 527 not in lumiDB
[WARNING] lumi or trg for selected run/ls 179889 528 not in lumiDB
[WARNING] lumi or trg for selected run/ls 179889 529 not in lumiDB
[WARNING] lumi or trg for selected run/ls 179889 530 not in lumiDB
[WARNING] lumi or trg for selected run/ls 179889 531 not in lumiDB
[WARNING] lumi or trg for selected run/ls 179889 532 not in lumiDB
[WARNING] lumi or trg for selected run/ls 179889 533 not in lumiDB
[WARNING] lumi or trg for selected run/ls 179889 534 not in lumiDB
[WARNING] lumi or trg for selected run/ls 176844 109 not in lumiDB
[WARNING] lumi or trg for selected run/ls 176844 110 not in lumiDB
[WARNING] lumi or trg for selected run/ls 178380 188 not in lumiDB
[WARNING] lumi or trg for selected run/ls 178380 189 not in lumiDB
[WARNING] lumi or trg for selected run/ls 178380 190 not in lumiDB
[WARNING] lumi or trg for selected run/ls 178380 191 not in lumiDB
[WARNING] lumi or trg for selected run/ls 178380 192 not in lumiDB
[WARNING] lumi or trg for selected run/ls 178380 193 not in lumiDB
[WARNING] lumi or trg for selected run/ls 178380 194 not in lumiDB
[WARNING] lumi or trg for selected run/ls 178380 195 not in lumiDB
[WARNING] lumi or trg for selected run/ls 177878 845 not in lumiDB
[WARNING] lumi or trg for selected run/ls 177878 846 not in lumiDB
[WARNING] lumi or trg for selected run/ls 177878 847 not in lumiDB
[WARNING] lumi or trg for selected run/ls 177878 848 not in lumiDB
[WARNING] lumi or trg for selected run/ls 177878 849 not in lumiDB
[WARNING] lumi or trg for selected run/ls 176868 495 not in lumiDB
[WARNING] lumi or trg for selected run/ls 178920 289 not in lumiDB
[WARNING] lumi or trg for selected run/ls 178920 290 not in lumiDB
[WARNING] lumi or trg for selected run/ls 178920 291 not in lumiDB
[WARNING] lumi or trg for selected run/ls 176765 129 not in lumiDB
[WARNING] lumi or trg for selected run/ls 176765 130 not in lumiDB
[WARNING] lumi or trg for selected run/ls 176765 131 not in lumiDB
[WARNING] lumi or trg for selected run/ls 176765 132 not in lumiDB
[WARNING] lumi or trg for selected run/ls 176765 133 not in lumiDB
[WARNING] lumi or trg for selected run/ls 176765 134 not in lumiDB
[WARNING] lumi or trg for selected run/ls 176765 135 not in lumiDB
[WARNING] lumi or trg for selected run/ls 176765 136 not in lumiDB
[WARNING] lumi or trg for selected run/ls 176765 137 not in lumiDB
[WARNING] lumi or trg for selected run/ls 176765 138 not in lumiDB
[WARNING] lumi or trg for selected run/ls 176765 139 not in lumiDB
[WARNING] lumi or trg for selected run/ls 176765 140 not in lumiDB
[WARNING] lumi or trg for selected run/ls 176765 141 not in lumiDB
[WARNING] lumi or trg for selected run/ls 179411 111 not in lumiDB
[WARNING] lumi or trg for selected run/ls 179411 112 not in lumiDB
[WARNING] lumi or trg for selected run/ls 176889 94 not in lumiDB
[WARNING] lumi or trg for selected run/ls 176889 95 not in lumiDB
[WARNING] lumi or trg for selected run/ls 176889 96 not in lumiDB
[WARNING] lumi or trg for selected run/ls 176889 97 not in lumiDB
[WARNING] lumi or trg for selected run/ls 176889 98 not in lumiDB
[WARNING] lumi or trg for selected run/ls 176889 99 not in lumiDB
[WARNING] lumi or trg for selected run/ls 176889 100 not in lumiDB
[WARNING] lumi or trg for selected run/ls 176889 101 not in lumiDB
[WARNING] lumi or trg for selected run/ls 176889 102 not in lumiDB
[WARNING] lumi or trg for selected run/ls 179476 205 not in lumiDB
[WARNING] lumi or trg for selected run/ls 179476 206 not in lumiDB
[WARNING] lumi or trg for selected run/ls 179476 207 not in lumiDB
[WARNING] lumi or trg for selected run/ls 176933 437 not in lumiDB
[WARNING] lumi or trg for selected run/ls 176933 438 not in lumiDB
[WARNING] lumi or trg for selected run/ls 175910 9 not in lumiDB
[WARNING] lumi or trg for selected run/ls 175910 10 not in lumiDB
[WARNING] lumi or trg for selected run/ls 175910 11 not in lumiDB
[WARNING] lumi or trg for selected run/ls 175910 12 not in lumiDB
[WARNING] lumi or trg for selected run/ls 179497 429 not in lumiDB
[WARNING] lumi or trg for selected run/ls 179497 430 not in lumiDB
[WARNING] lumi or trg for selected run/ls 179497 431 not in lumiDB
[WARNING] lumi or trg for selected run/ls 179497 432 not in lumiDB
[WARNING] lumi or trg for selected run/ls 179497 433 not in lumiDB
[WARNING] lumi or trg for selected run/ls 177452 158 not in lumiDB
[WARNING] lumi or trg for selected run/ls 177452 159 not in lumiDB
[WARNING] lumi or trg for selected run/ls 177452 160 not in lumiDB
[WARNING] lumi or trg for selected run/ls 177452 161 not in lumiDB
[WARNING] lumi or trg for selected run/ls 177452 162 not in lumiDB
[WARNING] lumi or trg for selected run/ls 177452 163 not in lumiDB
[WARNING] lumi or trg for selected run/ls 177452 164 not in lumiDB
[WARNING] lumi or trg for selected run/ls 177452 165 not in lumiDB
[WARNING] lumi or trg for selected run/ls 177452 166 not in lumiDB
[WARNING] lumi or trg for selected run/ls 177452 167 not in lumiDB
[WARNING] lumi or trg for selected run/ls 177452 168 not in lumiDB
[WARNING] lumi or trg for selected run/ls 177452 169 not in lumiDB
[WARNING] lumi or trg for selected run/ls 178479 1002 not in lumiDB
[WARNING] lumi or trg for selected run/ls 178479 1003 not in lumiDB
[WARNING] lumi or trg for selected run/ls 178479 1004 not in lumiDB
[WARNING] lumi or trg for selected run/ls 175921 424 not in lumiDB
[WARNING] lumi or trg for selected run/ls 175921 425 not in lumiDB
[WARNING] lumi or trg for selected run/ls 175921 426 not in lumiDB
[WARNING] lumi or trg for selected run/ls 175921 427 not in lumiDB
[WARNING] lumi or trg for selected run/ls 175921 428 not in lumiDB
[WARNING] lumi or trg for selected run/ls 177319 367 not in lumiDB
[WARNING] lumi or trg for selected run/ls 177319 368 not in lumiDB
[WARNING] lumi or trg for selected run/ls 176959 31 not in lumiDB
[WARNING] lumi or trg for selected run/ls 176959 32 not in lumiDB
[WARNING] lumi or trg for selected run/ls 176959 33 not in lumiDB
[WARNING] lumi or trg for selected run/ls 176959 34 not in lumiDB
[WARNING] lumi or trg for selected run/ls 176959 35 not in lumiDB
[WARNING] lumi or trg for selected run/ls 176959 36 not in lumiDB
[WARNING] lumi or trg for selected run/ls 176959 37 not in lumiDB
[WARNING] lumi or trg for selected run/ls 176959 38 not in lumiDB
[WARNING] lumi or trg for selected run/ls 176959 39 not in lumiDB
[WARNING] lumi or trg for selected run/ls 176982 8 not in lumiDB
[WARNING] lumi or trg for selected run/ls 176982 9 not in lumiDB
[WARNING] lumi or trg for selected run/ls 176982 10 not in lumiDB
[WARNING] lumi or trg for selected run/ls 179563 1184 not in lumiDB
[WARNING] lumi or trg for selected run/ls 179563 1185 not in lumiDB
[WARNING] lumi or trg for selected run/ls 179563 1186 not in lumiDB
[WARNING] lumi or trg for selected run/ls 175990 157 not in lumiDB
[WARNING] lumi or trg for selected run/ls 175990 158 not in lumiDB
[WARNING] lumi or trg for selected run/ls 175990 159 not in lumiDB
[WARNING] lumi or trg for selected run/ls 175990 160 not in lumiDB
[WARNING] lumi or trg for selected run/ls 175990 161 not in lumiDB
[WARNING] lumi or trg for selected run/ls 175990 162 not in lumiDB
[WARNING] lumi or trg for selected run/ls 175990 163 not in lumiDB
[WARNING] lumi or trg for selected run/ls 175990 164 not in lumiDB
[WARNING] lumi or trg for selected run/ls 180093 341 not in lumiDB
[WARNING] lumi or trg for selected run/ls 180093 342 not in lumiDB
[WARNING] lumi or trg for selected run/ls 180093 343 not in lumiDB
[WARNING] lumi or trg for selected run/ls 180093 344 not in lumiDB
[WARNING] lumi or trg for selected run/ls 180093 345 not in lumiDB
[WARNING] lumi or trg for selected run/ls 180093 346 not in lumiDB
[WARNING] lumi or trg for selected run/ls 176023 129 not in lumiDB
[WARNING] lumi or trg for selected run/ls 177053 734 not in lumiDB
[WARNING] lumi or trg for selected run/ls 177053 735 not in lumiDB
[WARNING] lumi or trg for selected run/ls 177053 736 not in lumiDB
[WARNING] lumi or trg for selected run/ls 177053 737 not in lumiDB
[WARNING] lumi or trg for selected run/ls 177053 738 not in lumiDB
[WARNING] lumi or trg for selected run/ls 177053 739 not in lumiDB
[WARNING] lumi or trg for selected run/ls 177053 740 not in lumiDB
[WARNING] lumi or trg for selected run/ls 176548 1022 not in lumiDB
[WARNING] lumi or trg for selected run/ls 176548 1023 not in lumiDB
[WARNING] lumi or trg for selected run/ls 176548 1024 not in lumiDB
[WARNING] lumi or trg for selected run/ls 178162 172 not in lumiDB
[WARNING] lumi or trg for selected run/ls 178162 173 not in lumiDB
[WARNING] lumi or trg for selected run/ls 178162 174 not in lumiDB
[WARNING] lumi or trg for selected run/ls 178162 175 not in lumiDB
[WARNING] lumi or trg for selected run/ls 177074 766 not in lumiDB
[WARNING] lumi or trg for selected run/ls 177074 767 not in lumiDB
[WARNING] lumi or trg for selected run/ls 177074 768 not in lumiDB
[WARNING] lumi or trg for selected run/ls 177074 769 not in lumiDB
[WARNING] lumi or trg for selected run/ls 178099 192 not in lumiDB
[WARNING] lumi or trg for selected run/ls 177088 94 not in lumiDB
[WARNING] lumi or trg for selected run/ls 177088 95 not in lumiDB
[WARNING] lumi or trg for selected run/ls 177096 188 not in lumiDB
[WARNING] lumi or trg for selected run/ls 177096 189 not in lumiDB
[WARNING] lumi or trg for selected run/ls 177096 190 not in lumiDB
[WARNING] lumi or trg for selected run/ls 179959 85 not in lumiDB
[WARNING] lumi or trg for selected run/ls 179959 86 not in lumiDB
[WARNING] lumi or trg for selected run/ls 178151 121 not in lumiDB
[WARNING] lumi or trg for selected run/ls 178151 122 not in lumiDB
[WARNING] lumi or trg for selected run/ls 177131 138 not in lumiDB
[WARNING] lumi or trg for selected run/ls 177131 139 not in lumiDB
[WARNING] lumi or trg for selected run/ls 177141 626 not in lumiDB
[WARNING] lumi or trg for selected run/ls 177141 627 not in lumiDB
[WARNING] lumi or trg for selected run/ls 177141 628 not in lumiDB
 ==  = 
|    Run:Fill | Delivered LS |     Delivered |          Selected LS |      Recorded |
-------------------------------------------------------------------------------------
| 175832:2083 |           97 |   1.337 (/pb) |             [43-139] |   1.306 (/pb) |
| 175833:2083 |            3 |  40.163 (/nb) |                [1-3] |   2.036 (/nb) |
| 175835:2083 |          164 |   1.625 (/pb) |   [1-120], [122-165] |   1.563 (/pb) |
| 175837:2083 |          167 |   1.562 (/pb) |              [1-167] |   1.526 (/pb) |
| 175858:2085 |           21 | 479.762 (/nb) |               [1-21] | 406.860 (/nb) |
| 175860:2085 |           82 |   1.789 (/pb) |               [1-82] |   1.696 (/pb) |
| 175863:2085 |           75 |   1.537 (/pb) |               [1-75] |   1.458 (/pb) |
| 175865:2085 |           58 |   1.129 (/pb) |               [1-58] |   1.065 (/pb) |
| 175866:2085 |          509 |   8.691 (/pb) |   [1-353], [356-511] |   8.554 (/pb) |
| 175872:2086 |           31 |   1.557 (/pb) |              [60-90] |   1.435 (/pb) |
| 175873:2086 |           32 |   1.569 (/pb) |               [1-32] |   1.388 (/pb) |
| 175874:2086 |          106 |   4.934 (/pb) |     [1-33], [36-108] |   4.625 (/pb) |
| 175877:2086 |           69 |   2.806 (/pb) |               [1-69] |   2.646 (/pb) |
| 175881:2086 |          160 |   6.066 (/pb) |              [1-160] |   5.840 (/pb) |
| 175886:2086 |          280 |   9.548 (/pb) |              [1-280] |   9.260 (/pb) |
| 175887:2086 |          136 |   4.305 (/pb) |     [1-18], [21-138] |   4.131 (/pb) |
| 175888:2086 |          424 |  12.207 (/pb) |              [1-424] |  12.037 (/pb) |
| 175906:2090 |          113 |   7.090 (/pb) |             [79-191] |   6.243 (/pb) |
| 175910:2090 |            8 | 489.281 (/nb) |                [1-8] | 318.760 (/nb) |
| 175921:2091 |          360 |  22.060 (/pb) |             [64-423] |  21.437 (/pb) |
| 175973:2092 |          141 |   9.158 (/pb) | [126-183], [186-268] |   8.989 (/pb) |
| 175974:2092 |          124 |   7.477 (/pb) |              [1-124] |   7.256 (/pb) |
| 175975:2092 |          386 |  20.669 (/pb) |    [1-90], [93-101], |  20.090 (/pb) |
|             |              |               |            [104-390] |               |
| 175976:2092 |           94 |   4.575 (/pb) |     [1-33], [36-51], |   4.395 (/pb) |
|             |              |               |              [54-98] |               |
| 175990:2093 |          101 |   7.152 (/pb) |             [56-156] |   6.937 (/pb) |
| 176023:2094 |           85 |   6.195 (/pb) |             [44-128] |   6.058 (/pb) |
| 176161:2101 |           12 | 876.771 (/nb) |      [6-7], [13-14], | 787.035 (/nb) |
|             |              |               |              [16-23] |               |
| 176163:2101 |           61 |   4.257 (/pb) |        [1-4], [7-63] |   3.896 (/pb) |
| 176165:2101 |           29 |   1.960 (/pb) |               [1-29] |   1.717 (/pb) |
| 176167:2101 |            5 | 320.239 (/nb) |                [1-5] | 123.622 (/nb) |
| 176169:2101 |          133 |   8.089 (/pb) |              [1-133] |   7.791 (/pb) |
| 176201:2103 |          594 |  40.040 (/pb) |    [52-52], [54-55], |  39.007 (/pb) |
|             |              |               |    [58-58], [61-63], |               |
|             |              |               | [67-263], [265-570], |               |
|             |              |               |            [573-656] |               |
| 176202:2103 |          262 |  14.574 (/pb) |   [1-179], [182-264] |  14.236 (/pb) |
| 176206:2103 |          101 |   5.050 (/pb) |              [1-101] |   4.637 (/pb) |
| 176207:2103 |          226 |  10.963 (/pb) |              [1-226] |  10.736 (/pb) |
| 176286:2104 |          428 |  29.724 (/pb) | [55-224], [226-247], |  29.057 (/pb) |
|             |              |               | [250-252], [254-486] |               |
| 176289:2104 |           66 |   4.040 (/pb) |      [1-43], [46-68] |   3.861 (/pb) |
| 176304:2105 |          437 |  31.491 (/pb) |    [69-69], [73-73], |  30.778 (/pb) |
|             |              |               |   [77-77], [79-132], |               |
|             |              |               | [135-422], [425-516] |               |
| 176308:2105 |          289 |  16.737 (/pb) |    [1-45], [48-130], |  16.352 (/pb) |
|             |              |               |            [133-293] |               |
| 176309:2105 |         1629 |  67.185 (/pb) |    [1-84], [87-122], |  65.797 (/pb) |
|             |              |               |           [125-354], |               |
|             |              |               |           [356-467], |               |
|             |              |               |           [470-512], |               |
|             |              |               |           [514-627], |               |
|             |              |               |          [630-1177], |               |
|             |              |               |          [1180-1641] |               |
| 176467:2110 |          162 |  10.378 (/pb) |     [1-85], [88-164] |  10.030 (/pb) |
| 176468:2110 |          209 |  12.448 (/pb) |   [1-124], [126-210] |  12.043 (/pb) |
| 176469:2110 |            5 | 292.110 (/nb) |                [1-5] | 137.424 (/nb) |
| 176545:2117 |            1 |  76.896 (/nb) |                [5-5] |  18.468 (/nb) |
| 176547:2117 |          180 |  12.759 (/pb) |  [1-151], [154-172], |  12.223 (/pb) |
|             |              |               |            [175-184] |               |
| 176548:2117 |         1014 |  55.601 (/pb) |    [1-72], [75-387], |  54.085 (/pb) |
|             |              |               |           [390-487], |               |
|             |              |               |           [489-494], |               |
|             |              |               |           [496-575], |               |
|             |              |               |           [577-1021] |               |
| 176697:2124 |          294 |  22.094 (/pb) |    [50-66], [68-344] |  21.390 (/pb) |
| 176701:2124 |          145 |   9.387 (/pb) |              [1-145] |   9.038 (/pb) |
| 176702:2124 |          803 |  42.490 (/pb) |       [1-4], [6-42], |  41.356 (/pb) |
|             |              |               | [45-103], [105-284], |               |
|             |              |               |           [287-291], |               |
|             |              |               |           [294-351], |               |
|             |              |               |           [353-599], |               |
|             |              |               |           [622-684], |               |
|             |              |               |           [686-723], |               |
|             |              |               |           [726-794], |               |
|             |              |               | [796-799], [801-839] |               |
| 176765:2126 |           45 |   3.488 (/pb) |             [84-128] |   2.965 (/pb) |
| 176771:2127 |           93 |   7.540 (/pb) |    [57-60], [62-150] |   6.336 (/pb) |
| 176795:2129 |           68 |   5.487 (/pb) |             [38-105] |   4.798 (/pb) |
| 176796:2129 |           94 |   6.946 (/pb) |     [1-24], [31-100] |   6.511 (/pb) |
| 176797:2129 |          225 |  14.603 (/pb) |     [1-26], [33-89], |  14.087 (/pb) |
|             |              |               | [95-131], [136-196], |               |
|             |              |               | [203-237], [244-252] |               |
| 176799:2129 |          234 |  12.872 (/pb) |     [1-27], [30-35], |  12.074 (/pb) |
|             |              |               |             [38-238] |               |
| 176801:2129 |          244 |  11.460 (/pb) |    [1-92], [95-173], |  11.161 (/pb) |
|             |              |               | [176-177], [179-249] |               |
| 176805:2129 |           96 |   4.205 (/pb) |               [1-96] |   4.068 (/pb) |
| 176807:2129 |          452 |  18.223 (/pb) |    [1-74], [76-255], |  17.909 (/pb) |
|             |              |               |            [257-454] |               |
| 176841:2135 |          133 |   7.965 (/pb) |           [105-157], |   5.922 (/pb) |
|             |              |               |           [159-182], |               |
|             |              |               | [184-235], [238-241] |               |
| 176844:2135 |          108 |   5.777 (/pb) |              [1-108] |   5.414 (/pb) |
| 176848:2135 |           25 |   1.325 (/pb) |               [1-25] |   1.147 (/pb) |
| 176850:2135 |          299 |  14.615 (/pb) |     [1-29], [32-301] |  14.218 (/pb) |
| 176860:2135 |          445 |  18.937 (/pb) |    [1-78], [81-271], |  18.470 (/pb) |
|             |              |               | [273-335], [338-450] |               |
| 176868:2135 |          494 |  17.983 (/pb) |              [1-494] |  17.733 (/pb) |
| 176885:2138 |          158 |  11.010 (/pb) |  [67-152], [164-235] |  10.687 (/pb) |
| 176886:2138 |          668 |  37.142 (/pb) |  [1-335], [337-416], |  35.856 (/pb) |
|             |              |               |           [418-425], |               |
|             |              |               |           [427-429], |               |
|             |              |               |           [431-499], |               |
|             |              |               |           [502-503], |               |
|             |              |               |           [505-505], |               |
|             |              |               |           [507-507], |               |
|             |              |               | [509-514], [516-678] |               |
| 176889:2138 |           92 |   4.298 (/pb) |      [1-81], [83-93] |   4.091 (/pb) |
| 176928:2140 |          119 |   8.652 (/pb) |    [1-99], [102-121] |   8.062 (/pb) |
| 176929:2140 |          314 |  19.897 (/pb) |    [1-59], [62-198], |  19.240 (/pb) |
|             |              |               | [201-218], [221-320] |               |
| 176933:2140 |          431 |  22.224 (/pb) |    [1-71], [73-358], |  21.411 (/pb) |
|             |              |               | [361-415], [418-436] |               |
| 176959:2143 |           14 |   1.000 (/pb) |              [17-30] | 938.489 (/nb) |
| 176982:2144 |            7 | 403.059 (/nb) |                [1-7] | 246.867 (/nb) |
| 177053:2147 |          664 |  39.075 (/pb) |    [54-72], [74-87], |  38.109 (/pb) |
|             |              |               | [90-208], [211-217], |               |
|             |              |               |           [219-258], |               |
|             |              |               |           [260-380], |               |
|             |              |               |           [385-427], |               |
|             |              |               |           [429-570], |               |
|             |              |               | [573-709], [712-733] |               |
| 177074:2150 |          709 |  40.584 (/pb) | [52-120], [123-468], |  39.493 (/pb) |
|             |              |               |           [470-554], |               |
|             |              |               | [556-735], [737-765] |               |
| 177088:2151 |           36 |   2.436 (/pb) |     [57-83], [85-93] |   2.306 (/pb) |
| 177095:2152 |          155 |   9.676 (/pb) |  [49-111], [113-204] |   9.182 (/pb) |
| 177096:2152 |          185 |  10.298 (/pb) |     [1-14], [17-187] |   9.745 (/pb) |
| 177131:2155 |           89 |   6.749 (/pb) |             [49-137] |   6.615 (/pb) |
| 177138:2156 |           59 |   4.338 (/pb) |    [55-57], [59-114] |   4.086 (/pb) |
| 177139:2156 |          621 |  38.124 (/pb) |  [1-206], [208-249], |  36.752 (/pb) |
|             |              |               |           [252-335], |               |
|             |              |               | [337-375], [378-627] |               |
| 177140:2156 |          554 |  27.002 (/pb) |  [1-106], [108-492], |  26.158 (/pb) |
|             |              |               |            [495-557] |               |
| 177141:2156 |          620 |  25.431 (/pb) |    [1-57], [59-154], |  24.936 (/pb) |
|             |              |               |           [157-288], |               |
|             |              |               | [290-492], [494-625] |               |
| 177183:2157 |          213 |  16.000 (/pb) |    [4-74], [76-199], |  15.427 (/pb) |
|             |              |               |            [202-219] |               |
| 177184:2157 |           34 |   2.351 (/pb) |      [1-12], [15-36] |   2.126 (/pb) |
| 177201:2158 |          723 |  45.559 (/pb) |    [60-65], [68-73], |  44.724 (/pb) |
|             |              |               | [75-212], [215-334], |               |
|             |              |               |           [337-516], |               |
|             |              |               |           [519-603], |               |
|             |              |               | [606-621], [623-794] |               |
| 177222:2160 |          287 |  20.258 (/pb) |             [50-336] |  19.639 (/pb) |
| 177317:2165 |           60 |   4.510 (/pb) |               [1-60] |   4.223 (/pb) |
| 177318:2165 |          400 |  26.925 (/pb) |  [1-236], [238-257], |  26.142 (/pb) |
|             |              |               | [259-369], [372-404] |               |
| 177319:2165 |          359 |  19.996 (/pb) |    [1-54], [56-224], |  19.472 (/pb) |
|             |              |               |           [227-286], |               |
|             |              |               | [289-351], [354-366] |               |
| 177449:2168 |          375 |  27.567 (/pb) |   [56-80], [83-234], |  26.835 (/pb) |
|             |              |               | [236-392], [394-434] |               |
| 177452:2168 |          156 |   9.769 (/pb) |              [1-156] |   9.432 (/pb) |
| 177718:2177 |         1572 |  87.222 (/pb) |   [53-62], [64-482], |  85.440 (/pb) |
|             |              |               |           [485-656], |               |
|             |              |               |           [659-697], |               |
|             |              |               |           [699-701], |               |
|             |              |               |           [703-703], |               |
|             |              |               |          [706-1572], |               |
|             |              |               |          [1575-1635] |               |
| 177719:2177 |          701 |  25.301 (/pb) |  [1-194], [197-694], |  24.711 (/pb) |
|             |              |               |            [696-704] |               |
| 177730:2178 |         2237 | 115.387 (/pb) |   [49-88], [91-234], | 113.413 (/pb) |
|             |              |               |           [237-448], |               |
|             |              |               |           [451-701], |               |
|             |              |               |           [704-773], |               |
|             |              |               |           [776-931], |               |
|             |              |               |          [933-1470], |               |
|             |              |               |         [1473-1763], |               |
|             |              |               |         [1766-1956], |               |
|             |              |               |         [1959-2266], |               |
|             |              |               |          [2268-2303] |               |
| 177776:2180 |           33 |   2.693 (/pb) |             [73-105] |   2.626 (/pb) |
| 177782:2181 |          153 |  11.706 (/pb) |    [72-75], [78-226] |  11.045 (/pb) |
| 177783:2181 |          358 |  23.373 (/pb) |    [1-94], [97-176], |  22.599 (/pb) |
|             |              |               | [178-234], [237-363] |               |
| 177788:2181 |           46 |   2.477 (/pb) |               [1-46] |   2.296 (/pb) |
| 177789:2181 |           82 |   4.055 (/pb) |     [1-38], [41-82], |   3.805 (/pb) |
|             |              |               |              [84-85] |               |
| 177790:2181 |          714 |  31.541 (/pb) |   [1-189], [191-715] |  31.018 (/pb) |
| 177791:2181 |          169 |   6.401 (/pb) |    [1-27], [30-109], |   6.180 (/pb) |
|             |              |               |            [137-198] |               |
| 177875:2182 |          513 |  34.414 (/pb) | [71-214], [217-367], |  33.682 (/pb) |
|             |              |               | [370-448], [451-589] |               |
| 177878:2182 |          837 |  40.716 (/pb) |  [1-138], [143-492], |  40.070 (/pb) |
|             |              |               | [495-837], [839-844] |               |
| 178098:2195 |          680 |  46.085 (/pb) | [16-120], [122-142], |  44.753 (/pb) |
|             |              |               |           [144-152], |               |
|             |              |               |           [155-179], |               |
|             |              |               |           [181-249], |               |
|             |              |               |           [251-549], |               |
|             |              |               |           [551-576], |               |
|             |              |               |           [579-619], |               |
|             |              |               | [622-677], [679-707] |               |
| 178099:2195 |          191 |  10.450 (/pb) |              [1-191] |  10.070 (/pb) |
| 178100:2195 |         1603 |  64.938 (/pb) |    [1-40], [43-163], |  64.087 (/pb) |
|             |              |               |           [166-511], |               |
|             |              |               |           [514-529], |               |
|             |              |               |          [532-1114], |               |
|             |              |               |          [1117-1613] |               |
| 178101:2195 |           73 |   2.281 (/pb) |      [1-61], [64-75] |   2.190 (/pb) |
| 178102:2195 |           13 | 407.740 (/nb) |               [1-13] | 345.024 (/nb) |
| 178110:2197 |          407 |  31.128 (/pb) | [51-133], [135-197], |  30.061 (/pb) |
|             |              |               |           [199-246], |               |
|             |              |               | [252-396], [401-468] |               |
| 178116:2197 |          614 |  36.532 (/pb) |   [1-120], [122-615] |  35.679 (/pb) |
| 178151:2199 |           74 |   5.889 (/pb) |             [47-120] |   5.752 (/pb) |
| 178160:2200 |          483 |  35.509 (/pb) |  [51-456], [458-534] |  34.652 (/pb) |
| 178162:2200 |          165 |  10.076 (/pb) |       [1-4], [7-55], |   9.700 (/pb) |
|             |              |               |  [58-146], [149-171] |               |
| 178365:2204 |         1008 |  66.211 (/pb) |   [43-96], [98-238], |  64.419 (/pb) |
|             |              |               |           [241-380], |               |
|             |              |               |           [382-558], |               |
|             |              |               |           [560-660], |               |
|             |              |               |          [663-1050], |               |
|             |              |               |          [1053-1059] |               |
| 178367:2204 |          695 |  30.779 (/pb) | [22-135], [138-161], |  30.151 (/pb) |
|             |              |               |           [163-264], |               |
|             |              |               |           [266-316], |               |
|             |              |               |           [318-366], |               |
|             |              |               |           [369-392], |               |
|             |              |               |           [395-548], |               |
|             |              |               | [560-711], [713-737] |               |
| 178380:2204 |          185 |   6.844 (/pb) |     [1-81], [84-187] |   6.754 (/pb) |
| 178420:2208 |           17 |   1.608 (/pb) |     [53-61], [63-70] | 593.742 (/nb) |
| 178421:2208 |         1150 |  70.818 (/pb) |      [1-3], [47-77], |  67.134 (/pb) |
|             |              |               | [79-135], [137-149], |               |
|             |              |               |           [151-265], |               |
|             |              |               |           [268-293], |               |
|             |              |               |           [295-320], |               |
|             |              |               |           [323-512], |               |
|             |              |               |           [514-586], |               |
|             |              |               |           [588-742], |               |
|             |              |               |           [744-756], |               |
|             |              |               |           [759-915], |               |
|             |              |               |           [917-1207] |               |
| 178424:2208 |          834 |  33.249 (/pb) |  [1-536], [538-594], |  32.827 (/pb) |
|             |              |               |            [597-837] |               |
| 178479:2210 |          933 |  63.043 (/pb) |   [61-64], [66-129], |  61.064 (/pb) |
|             |              |               |           [132-245], |               |
|             |              |               |           [247-354], |               |
|             |              |               |           [356-576], |               |
|             |              |               |           [578-985], |               |
|             |              |               |           [988-1001] |               |
| 178703:2216 |          141 |  11.024 (/pb) |             [43-183] |  10.251 (/pb) |
| 178708:2216 |          374 |  25.718 (/pb) |              [1-374] |  24.733 (/pb) |
| 178712:2216 |          390 |  22.709 (/pb) |    [1-42], [44-197], |  22.009 (/pb) |
|             |              |               | [199-333], [336-394] |               |
| 178724:2216 |          259 |  13.279 (/pb) |              [3-261] |  12.967 (/pb) |
| 178731:2216 |          208 |   9.769 (/pb) |              [1-208] |   9.467 (/pb) |
| 178738:2216 |          245 |  10.675 (/pb) |   [1-143], [145-246] |  10.458 (/pb) |
| 178786:2217 |          160 |  13.172 (/pb) |   [53-67], [70-117], |  12.502 (/pb) |
|             |              |               |           [120-120], |               |
|             |              |               |           [123-135], |               |
|             |              |               |           [138-202], |               |
|             |              |               | [205-218], [220-223] |               |
| 178803:2218 |          400 |  29.078 (/pb) | [49-115], [117-316], |  27.940 (/pb) |
|             |              |               |            [319-451] |               |
| 178840:2219 |          543 |  41.100 (/pb) | [48-119], [122-336], |  39.790 (/pb) |
|             |              |               |           [339-341], |               |
|             |              |               | [343-566], [569-597] |               |
| 178854:2219 |          134 |   8.601 (/pb) |              [1-134] |   8.254 (/pb) |
| 178866:2219 |          424 |  24.359 (/pb) |              [1-424] |  23.714 (/pb) |
| 178871:2219 |         1264 |  55.389 (/pb) |     [1-64], [67-71], |  54.615 (/pb) |
|             |              |               | [73-156], [159-380], |               |
|             |              |               |           [382-466], |               |
|             |              |               |          [468-1181], |               |
|             |              |               |          [1184-1273] |               |
| 178920:2220 |          236 |  19.653 (/pb) |             [53-288] |  19.069 (/pb) |
| 178970:2222 |          529 |  39.368 (/pb) |  [52-242], [244-581] |  38.383 (/pb) |
| 178985:2222 |           77 |   4.874 (/pb) |               [1-77] |   4.607 (/pb) |
| 179411:2239 |          110 |   7.828 (/pb) |              [1-110] |   7.504 (/pb) |
| 179434:2240 |          725 |  50.466 (/pb) | [21-289], [291-388], |  48.429 (/pb) |
|             |              |               | [390-607], [609-748] |               |
| 179452:2240 |         1220 |  59.283 (/pb) |  [1-108], [110-121], |  57.836 (/pb) |
|             |              |               |           [124-158], |               |
|             |              |               |           [160-276], |               |
|             |              |               |           [278-289], |               |
|             |              |               |           [292-515], |               |
|             |              |               |           [518-830], |               |
|             |              |               |           [833-849], |               |
|             |              |               |          [851-1116], |               |
|             |              |               |          [1118-1233] |               |
| 179476:2240 |          202 |   7.701 (/pb) |     [1-16], [19-204] |   7.481 (/pb) |
| 179497:2241 |          333 |  26.615 (/pb) | [86-116], [118-131], |  23.327 (/pb) |
|             |              |               |           [134-149], |               |
|             |              |               |           [151-274], |               |
|             |              |               |           [277-280], |               |
|             |              |               | [283-402], [405-428] |               |
| 179547:2242 |          260 |  21.008 (/pb) | [75-156], [158-162], |  20.044 (/pb) |
|             |              |               | [164-262], [265-338] |               |
| 179558:2242 |          130 |   9.686 (/pb) |     [1-52], [55-64], |   9.163 (/pb) |
|             |              |               |    [66-73], [75-134] |               |
| 179563:2242 |         1171 |  68.978 (/pb) |  [1-440], [443-631], |  67.222 (/pb) |
|             |              |               |           [633-704], |               |
|             |              |               |           [707-722], |               |
|             |              |               |           [724-912], |               |
|             |              |               |           [915-968], |               |
|             |              |               |          [970-1085], |               |
|             |              |               |         [1087-1138], |               |
|             |              |               |          [1141-1183] |               |
| 179889:2254 |          468 |  36.137 (/pb) |   [51-68], [70-139], |  35.164 (/pb) |
|             |              |               |           [142-448], |               |
|             |              |               |           [450-463], |               |
|             |              |               | [466-497], [500-526] |               |
| 179959:2256 |           16 |   1.455 (/pb) |              [69-84] |   1.397 (/pb) |
| 179977:2258 |           91 |   7.744 (/pb) |   [44-51], [53-114], |   7.283 (/pb) |
|             |              |               |            [116-136] |               |
| 180072:2261 |           54 |   4.293 (/pb) |             [49-102] |   3.853 (/pb) |
| 180076:2261 |          355 |  25.428 (/pb) |   [1-182], [184-356] |  24.272 (/pb) |
| 180093:2261 |          336 |  20.490 (/pb) |  [1-260], [263-292], |  19.590 (/pb) |
|             |              |               |            [295-340] |               |
| 180241:2266 |          351 |  27.970 (/pb) |    [55-74], [78-78], |  26.815 (/pb) |
|             |              |               | [80-252], [255-328], |               |
|             |              |               | [331-351], [353-414] |               |
| 180250:2267 |          529 |  42.288 (/pb) |       [3-3], [6-82], |  40.814 (/pb) |
|             |              |               | [84-259], [262-426], |               |
|             |              |               |            [429-538] |               |
| 180252:2267 |           76 |   5.288 (/pb) |     [1-40], [42-49], |   4.921 (/pb) |
|             |              |               |              [52-79] |               |

 ==  =  Total : 
| Delivered LS | Delivered(/fb) | Selected LS | Recorded(/fb) |
---------------------------------------------------------------
|        50419 |          2.832 |       50419 |         2.739 |

