********************************************************************************
* Mon Jan  7 11:54:56 2013 UTC
* lumitype: PIXEL , datatag: pixelv0 , normtag: PIXELV1 , worktag: HEAD
* 
* by:
* /afs/cern.ch/work/m/mmerola/CMSSW_4_4_5/bin/slc5_amd64_gcc434/pixelLumiCalc.py
* 
* update: NONE
********************************************************************************
[WARNING] lumi or trg for selected run/ls 172033 746 not in lumiDB
[WARNING] lumi or trg for selected run/ls 172033 747 not in lumiDB
[WARNING] lumi or trg for selected run/ls 172033 748 not in lumiDB
[WARNING] lumi or trg for selected run/ls 172033 749 not in lumiDB
[WARNING] lumi or trg for selected run/ls 166408 1232 not in lumiDB
[WARNING] lumi or trg for selected run/ls 166408 1233 not in lumiDB
[WARNING] lumi or trg for selected run/ls 166408 1234 not in lumiDB
[WARNING] lumi or trg for selected run/ls 166408 1235 not in lumiDB
[WARNING] lumi or trg for selected run/ls 166408 1236 not in lumiDB
[WARNING] lumi or trg for selected run/ls 162828 83 not in lumiDB
[WARNING] lumi or trg for selected run/ls 162828 84 not in lumiDB
[WARNING] lumi or trg for selected run/ls 162828 85 not in lumiDB
[WARNING] lumi or trg for selected run/ls 173439 755 not in lumiDB
[WARNING] lumi or trg for selected run/ls 173439 756 not in lumiDB
[WARNING] lumi or trg for selected run/ls 165402 28 not in lumiDB
[WARNING] lumi or trg for selected run/ls 160431 216 not in lumiDB
[WARNING] lumi or trg for selected run/ls 160431 217 not in lumiDB
[WARNING] lumi or trg for selected run/ls 160431 218 not in lumiDB
[WARNING] lumi or trg for selected run/ls 163869 121 not in lumiDB
[WARNING] lumi or trg for selected run/ls 163869 122 not in lumiDB
[WARNING] lumi or trg for selected run/ls 163869 123 not in lumiDB
[WARNING] lumi or trg for selected run/ls 172868 1968 not in lumiDB
[WARNING] lumi or trg for selected run/ls 172868 1969 not in lumiDB
[WARNING] lumi or trg for selected run/ls 172868 1970 not in lumiDB
[WARNING] lumi or trg for selected run/ls 172635 268 not in lumiDB
[WARNING] lumi or trg for selected run/ls 171578 972 not in lumiDB
[WARNING] lumi or trg for selected run/ls 171578 973 not in lumiDB
[WARNING] lumi or trg for selected run/ls 171578 974 not in lumiDB
[WARNING] lumi or trg for selected run/ls 163387 254 not in lumiDB
[WARNING] lumi or trg for selected run/ls 163387 255 not in lumiDB
[WARNING] lumi or trg for selected run/ls 163387 256 not in lumiDB
[WARNING] lumi or trg for selected run/ls 166462 524 not in lumiDB
[WARNING] lumi or trg for selected run/ls 166462 525 not in lumiDB
[WARNING] lumi or trg for selected run/ls 166462 526 not in lumiDB
[WARNING] lumi or trg for selected run/ls 166923 466 not in lumiDB
[WARNING] lumi or trg for selected run/ls 166923 467 not in lumiDB
[WARNING] lumi or trg for selected run/ls 166923 468 not in lumiDB
[WARNING] lumi or trg for selected run/ls 166923 469 not in lumiDB
[WARNING] lumi or trg for selected run/ls 166923 470 not in lumiDB
[WARNING] lumi or trg for selected run/ls 163340 479 not in lumiDB
[WARNING] lumi or trg for selected run/ls 163340 480 not in lumiDB
[WARNING] lumi or trg for selected run/ls 163340 481 not in lumiDB
[WARNING] lumi or trg for selected run/ls 163340 482 not in lumiDB
[WARNING] lumi or trg for selected run/ls 163340 483 not in lumiDB
[WARNING] lumi or trg for selected run/ls 163340 484 not in lumiDB
[WARNING] lumi or trg for selected run/ls 163340 485 not in lumiDB
[WARNING] lumi or trg for selected run/ls 163340 486 not in lumiDB
[WARNING] lumi or trg for selected run/ls 163340 487 not in lumiDB
[WARNING] lumi or trg for selected run/ls 163340 488 not in lumiDB
[WARNING] lumi or trg for selected run/ls 165970 331 not in lumiDB
[WARNING] lumi or trg for selected run/ls 165970 332 not in lumiDB
[WARNING] lumi or trg for selected run/ls 165970 333 not in lumiDB
[WARNING] lumi or trg for selected run/ls 165970 334 not in lumiDB
[WARNING] lumi or trg for selected run/ls 165970 335 not in lumiDB
[WARNING] lumi or trg for selected run/ls 166895 602 not in lumiDB
[WARNING] lumi or trg for selected run/ls 166895 603 not in lumiDB
[WARNING] lumi or trg for selected run/ls 162909 283 not in lumiDB
[WARNING] lumi or trg for selected run/ls 162909 284 not in lumiDB
[WARNING] lumi or trg for selected run/ls 162909 285 not in lumiDB
[WARNING] lumi or trg for selected run/ls 162909 286 not in lumiDB
[WARNING] lumi or trg for selected run/ls 162909 287 not in lumiDB
[WARNING] lumi or trg for selected run/ls 162909 288 not in lumiDB
[WARNING] lumi or trg for selected run/ls 162909 289 not in lumiDB
[WARNING] lumi or trg for selected run/ls 162909 290 not in lumiDB
[WARNING] lumi or trg for selected run/ls 166502 104 not in lumiDB
[WARNING] lumi or trg for selected run/ls 166502 105 not in lumiDB
[WARNING] lumi or trg for selected run/ls 166502 106 not in lumiDB
[WARNING] lumi or trg for selected run/ls 166502 107 not in lumiDB
[WARNING] lumi or trg for selected run/ls 166502 108 not in lumiDB
[WARNING] lumi or trg for selected run/ls 166502 109 not in lumiDB
[WARNING] lumi or trg for selected run/ls 166486 167 not in lumiDB
[WARNING] lumi or trg for selected run/ls 166486 168 not in lumiDB
[WARNING] lumi or trg for selected run/ls 166486 169 not in lumiDB
[WARNING] lumi or trg for selected run/ls 166486 170 not in lumiDB
[WARNING] lumi or trg for selected run/ls 166486 171 not in lumiDB
[WARNING] lumi or trg for selected run/ls 166486 172 not in lumiDB
[WARNING] lumi or trg for selected run/ls 166486 173 not in lumiDB
[WARNING] lumi or trg for selected run/ls 166486 174 not in lumiDB
[WARNING] lumi or trg for selected run/ls 171117 80 not in lumiDB
[WARNING] lumi or trg for selected run/ls 171117 81 not in lumiDB
[WARNING] lumi or trg for selected run/ls 171117 82 not in lumiDB
[WARNING] lumi or trg for selected run/ls 171117 83 not in lumiDB
[WARNING] lumi or trg for selected run/ls 171117 84 not in lumiDB
[WARNING] lumi or trg for selected run/ls 165487 146 not in lumiDB
[WARNING] lumi or trg for selected run/ls 165487 147 not in lumiDB
[WARNING] lumi or trg for selected run/ls 165487 148 not in lumiDB
[WARNING] lumi or trg for selected run/ls 165487 149 not in lumiDB
[WARNING] lumi or trg for selected run/ls 165487 150 not in lumiDB
[WARNING] lumi or trg for selected run/ls 165487 151 not in lumiDB
[WARNING] lumi or trg for selected run/ls 166514 460 not in lumiDB
[WARNING] lumi or trg for selected run/ls 166514 461 not in lumiDB
[WARNING] lumi or trg for selected run/ls 166514 462 not in lumiDB
[WARNING] lumi or trg for selected run/ls 166514 463 not in lumiDB
[WARNING] lumi or trg for selected run/ls 166514 464 not in lumiDB
[WARNING] lumi or trg for selected run/ls 160873 134 not in lumiDB
[WARNING] lumi or trg for selected run/ls 160873 135 not in lumiDB
[WARNING] lumi or trg for selected run/ls 160873 136 not in lumiDB
[WARNING] lumi or trg for selected run/ls 160873 137 not in lumiDB
[WARNING] lumi or trg for selected run/ls 160873 138 not in lumiDB
[WARNING] lumi or trg for selected run/ls 160873 139 not in lumiDB
[WARNING] lumi or trg for selected run/ls 160873 140 not in lumiDB
[WARNING] lumi or trg for selected run/ls 160873 141 not in lumiDB
[WARNING] lumi or trg for selected run/ls 160873 142 not in lumiDB
[WARNING] lumi or trg for selected run/ls 160873 143 not in lumiDB
[WARNING] lumi or trg for selected run/ls 160873 144 not in lumiDB
[WARNING] lumi or trg for selected run/ls 160873 145 not in lumiDB
[WARNING] lumi or trg for selected run/ls 160873 146 not in lumiDB
[WARNING] lumi or trg for selected run/ls 160873 147 not in lumiDB
[WARNING] lumi or trg for selected run/ls 166011 83 not in lumiDB
[WARNING] lumi or trg for selected run/ls 166530 62 not in lumiDB
[WARNING] lumi or trg for selected run/ls 166530 63 not in lumiDB
[WARNING] lumi or trg for selected run/ls 165514 562 not in lumiDB
[WARNING] lumi or trg for selected run/ls 165514 563 not in lumiDB
[WARNING] lumi or trg for selected run/ls 165514 564 not in lumiDB
[WARNING] lumi or trg for selected run/ls 165514 565 not in lumiDB
[WARNING] lumi or trg for selected run/ls 165514 566 not in lumiDB
[WARNING] lumi or trg for selected run/ls 165514 567 not in lumiDB
[WARNING] lumi or trg for selected run/ls 173198 816 not in lumiDB
[WARNING] lumi or trg for selected run/ls 173198 817 not in lumiDB
[WARNING] lumi or trg for selected run/ls 173198 818 not in lumiDB
[WARNING] lumi or trg for selected run/ls 173198 819 not in lumiDB
[WARNING] lumi or trg for selected run/ls 173198 820 not in lumiDB
[WARNING] lumi or trg for selected run/ls 173198 821 not in lumiDB
[WARNING] lumi or trg for selected run/ls 173198 822 not in lumiDB
[WARNING] lumi or trg for selected run/ls 173198 823 not in lumiDB
[WARNING] lumi or trg for selected run/ls 171156 686 not in lumiDB
[WARNING] lumi or trg for selected run/ls 171156 688 not in lumiDB
[WARNING] lumi or trg for selected run/ls 171156 689 not in lumiDB
[WARNING] lumi or trg for selected run/ls 171156 690 not in lumiDB
[WARNING] lumi or trg for selected run/ls 171156 691 not in lumiDB
[WARNING] lumi or trg for selected run/ls 171156 692 not in lumiDB
[WARNING] lumi or trg for selected run/ls 163480 191 not in lumiDB
[WARNING] lumi or trg for selected run/ls 163483 45 not in lumiDB
[WARNING] lumi or trg for selected run/ls 163483 46 not in lumiDB
[WARNING] lumi or trg for selected run/ls 163483 47 not in lumiDB
[WARNING] lumi or trg for selected run/ls 163483 48 not in lumiDB
[WARNING] lumi or trg for selected run/ls 163483 49 not in lumiDB
[WARNING] lumi or trg for selected run/ls 163483 50 not in lumiDB
[WARNING] lumi or trg for selected run/ls 163483 51 not in lumiDB
[WARNING] lumi or trg for selected run/ls 163483 52 not in lumiDB
[WARNING] lumi or trg for selected run/ls 163483 53 not in lumiDB
[WARNING] lumi or trg for selected run/ls 163483 54 not in lumiDB
[WARNING] lumi or trg for selected run/ls 163483 55 not in lumiDB
[WARNING] lumi or trg for selected run/ls 163483 56 not in lumiDB
[WARNING] lumi or trg for selected run/ls 163483 57 not in lumiDB
[WARNING] lumi or trg for selected run/ls 166565 896 not in lumiDB
[WARNING] lumi or trg for selected run/ls 166565 897 not in lumiDB
[WARNING] lumi or trg for selected run/ls 166565 898 not in lumiDB
[WARNING] lumi or trg for selected run/ls 167078 171 not in lumiDB
[WARNING] lumi or trg for selected run/ls 167078 172 not in lumiDB
[WARNING] lumi or trg for selected run/ls 167078 173 not in lumiDB
[WARNING] lumi or trg for selected run/ls 167078 174 not in lumiDB
[WARNING] lumi or trg for selected run/ls 171178 1036 not in lumiDB
[WARNING] lumi or trg for selected run/ls 171178 1037 not in lumiDB
[WARNING] lumi or trg for selected run/ls 171178 1038 not in lumiDB
[WARNING] lumi or trg for selected run/ls 171178 1039 not in lumiDB
[WARNING] lumi or trg for selected run/ls 171178 1040 not in lumiDB
[WARNING] lumi or trg for selected run/ls 171178 1041 not in lumiDB
[WARNING] lumi or trg for selected run/ls 171178 1042 not in lumiDB
[WARNING] lumi or trg for selected run/ls 171178 1043 not in lumiDB
[WARNING] lumi or trg for selected run/ls 172208 194 not in lumiDB
[WARNING] lumi or trg for selected run/ls 172208 195 not in lumiDB
[WARNING] lumi or trg for selected run/ls 172208 196 not in lumiDB
[WARNING] lumi or trg for selected run/ls 172208 197 not in lumiDB
[WARNING] lumi or trg for selected run/ls 172208 198 not in lumiDB
[WARNING] lumi or trg for selected run/ls 172208 199 not in lumiDB
[WARNING] lumi or trg for selected run/ls 163358 61 not in lumiDB
[WARNING] lumi or trg for selected run/ls 163358 62 not in lumiDB
[WARNING] lumi or trg for selected run/ls 163358 63 not in lumiDB
[WARNING] lumi or trg for selected run/ls 167102 430 not in lumiDB
[WARNING] lumi or trg for selected run/ls 165570 944 not in lumiDB
[WARNING] lumi or trg for selected run/ls 165570 945 not in lumiDB
[WARNING] lumi or trg for selected run/ls 165570 946 not in lumiDB
[WARNING] lumi or trg for selected run/ls 167103 92 not in lumiDB
[WARNING] lumi or trg for selected run/ls 167103 93 not in lumiDB
[WARNING] lumi or trg for selected run/ls 167103 94 not in lumiDB
[WARNING] lumi or trg for selected run/ls 171219 153 not in lumiDB
[WARNING] lumi or trg for selected run/ls 171219 154 not in lumiDB
[WARNING] lumi or trg for selected run/ls 171219 155 not in lumiDB
[WARNING] lumi or trg for selected run/ls 171219 156 not in lumiDB
[WARNING] lumi or trg for selected run/ls 171219 157 not in lumiDB
[WARNING] lumi or trg for selected run/ls 171219 158 not in lumiDB
[WARNING] lumi or trg for selected run/ls 171219 159 not in lumiDB
[WARNING] lumi or trg for selected run/ls 171219 160 not in lumiDB
[WARNING] lumi or trg for selected run/ls 171219 161 not in lumiDB
[WARNING] lumi or trg for selected run/ls 171219 162 not in lumiDB
[WARNING] lumi or trg for selected run/ls 163582 22 not in lumiDB
[WARNING] lumi or trg for selected run/ls 171897 537 not in lumiDB
[WARNING] lumi or trg for selected run/ls 171897 538 not in lumiDB
[WARNING] lumi or trg for selected run/ls 171897 539 not in lumiDB
[WARNING] lumi or trg for selected run/ls 171897 540 not in lumiDB
[WARNING] lumi or trg for selected run/ls 171897 541 not in lumiDB
[WARNING] lumi or trg for selected run/ls 171897 542 not in lumiDB
[WARNING] lumi or trg for selected run/ls 172255 37 not in lumiDB
[WARNING] lumi or trg for selected run/ls 172255 38 not in lumiDB
[WARNING] lumi or trg for selected run/ls 172255 39 not in lumiDB
[WARNING] lumi or trg for selected run/ls 172255 40 not in lumiDB
[WARNING] lumi or trg for selected run/ls 165088 266 not in lumiDB
[WARNING] lumi or trg for selected run/ls 170722 284 not in lumiDB
[WARNING] lumi or trg for selected run/ls 170722 285 not in lumiDB
[WARNING] lumi or trg for selected run/ls 170722 286 not in lumiDB
[WARNING] lumi or trg for selected run/ls 170722 287 not in lumiDB
[WARNING] lumi or trg for selected run/ls 172389 457 not in lumiDB
[WARNING] lumi or trg for selected run/ls 172389 458 not in lumiDB
[WARNING] lumi or trg for selected run/ls 172389 459 not in lumiDB
[WARNING] lumi or trg for selected run/ls 172389 460 not in lumiDB
[WARNING] lumi or trg for selected run/ls 172778 93 not in lumiDB
[WARNING] lumi or trg for selected run/ls 172778 94 not in lumiDB
[WARNING] lumi or trg for selected run/ls 172778 95 not in lumiDB
[WARNING] lumi or trg for selected run/ls 172778 96 not in lumiDB
[WARNING] lumi or trg for selected run/ls 172778 97 not in lumiDB
[WARNING] lumi or trg for selected run/ls 172268 167 not in lumiDB
[WARNING] lumi or trg for selected run/ls 172268 168 not in lumiDB
[WARNING] lumi or trg for selected run/ls 172268 169 not in lumiDB
[WARNING] lumi or trg for selected run/ls 165617 288 not in lumiDB
[WARNING] lumi or trg for selected run/ls 172952 1559 not in lumiDB
[WARNING] lumi or trg for selected run/ls 172952 1560 not in lumiDB
[WARNING] lumi or trg for selected run/ls 172952 1561 not in lumiDB
[WARNING] lumi or trg for selected run/ls 172952 1562 not in lumiDB
[WARNING] lumi or trg for selected run/ls 167673 445 not in lumiDB
[WARNING] lumi or trg for selected run/ls 167673 446 not in lumiDB
[WARNING] lumi or trg for selected run/ls 167673 447 not in lumiDB
[WARNING] lumi or trg for selected run/ls 167676 447 not in lumiDB
[WARNING] lumi or trg for selected run/ls 167676 448 not in lumiDB
[WARNING] lumi or trg for selected run/ls 167676 449 not in lumiDB
[WARNING] lumi or trg for selected run/ls 167676 450 not in lumiDB
[WARNING] lumi or trg for selected run/ls 172286 211 not in lumiDB
[WARNING] lumi or trg for selected run/ls 172286 212 not in lumiDB
[WARNING] lumi or trg for selected run/ls 172286 213 not in lumiDB
[WARNING] lumi or trg for selected run/ls 172286 214 not in lumiDB
[WARNING] lumi or trg for selected run/ls 172286 215 not in lumiDB
[WARNING] lumi or trg for selected run/ls 172286 216 not in lumiDB
[WARNING] lumi or trg for selected run/ls 166149 2 not in lumiDB
[WARNING] lumi or trg for selected run/ls 170759 373 not in lumiDB
[WARNING] lumi or trg for selected run/ls 170759 374 not in lumiDB
[WARNING] lumi or trg for selected run/ls 170759 375 not in lumiDB
[WARNING] lumi or trg for selected run/ls 170759 376 not in lumiDB
[WARNING] lumi or trg for selected run/ls 170759 377 not in lumiDB
[WARNING] lumi or trg for selected run/ls 163596 26 not in lumiDB
[WARNING] lumi or trg for selected run/ls 163596 27 not in lumiDB
[WARNING] lumi or trg for selected run/ls 163596 28 not in lumiDB
[WARNING] lumi or trg for selected run/ls 163596 29 not in lumiDB
[WARNING] lumi or trg for selected run/ls 165506 168 not in lumiDB
[WARNING] lumi or trg for selected run/ls 165506 169 not in lumiDB
[WARNING] lumi or trg for selected run/ls 165506 170 not in lumiDB
[WARNING] lumi or trg for selected run/ls 171282 170 not in lumiDB
[WARNING] lumi or trg for selected run/ls 171282 171 not in lumiDB
[WARNING] lumi or trg for selected run/ls 166164 34 not in lumiDB
[WARNING] lumi or trg for selected run/ls 166164 35 not in lumiDB
[WARNING] lumi or trg for selected run/ls 166164 36 not in lumiDB
[WARNING] lumi or trg for selected run/ls 166164 37 not in lumiDB
[WARNING] lumi or trg for selected run/ls 166164 38 not in lumiDB
[WARNING] lumi or trg for selected run/ls 166164 39 not in lumiDB
[WARNING] lumi or trg for selected run/ls 166164 40 not in lumiDB
[WARNING] lumi or trg for selected run/ls 172824 50 not in lumiDB
[WARNING] lumi or trg for selected run/ls 172824 51 not in lumiDB
[WARNING] lumi or trg for selected run/ls 172824 52 not in lumiDB
[WARNING] lumi or trg for selected run/ls 172824 53 not in lumiDB
[WARNING] lumi or trg for selected run/ls 172824 54 not in lumiDB
[WARNING] lumi or trg for selected run/ls 171812 434 not in lumiDB
[WARNING] lumi or trg for selected run/ls 171812 435 not in lumiDB
[WARNING] lumi or trg for selected run/ls 171812 436 not in lumiDB
[WARNING] lumi or trg for selected run/ls 171812 437 not in lumiDB
[WARNING] lumi or trg for selected run/ls 171812 438 not in lumiDB
[WARNING] lumi or trg for selected run/ls 166701 784 not in lumiDB
[WARNING] lumi or trg for selected run/ls 166701 785 not in lumiDB
[WARNING] lumi or trg for selected run/ls 166701 786 not in lumiDB
[WARNING] lumi or trg for selected run/ls 166701 787 not in lumiDB
[WARNING] lumi or trg for selected run/ls 166701 788 not in lumiDB
[WARNING] lumi or trg for selected run/ls 166701 789 not in lumiDB
[WARNING] lumi or trg for selected run/ls 166701 790 not in lumiDB
[WARNING] lumi or trg for selected run/ls 166701 791 not in lumiDB
[WARNING] lumi or trg for selected run/ls 166701 792 not in lumiDB
[WARNING] lumi or trg for selected run/ls 163630 184 not in lumiDB
[WARNING] lumi or trg for selected run/ls 163630 185 not in lumiDB
[WARNING] lumi or trg for selected run/ls 172847 128 not in lumiDB
[WARNING] lumi or trg for selected run/ls 172847 129 not in lumiDB
[WARNING] lumi or trg for selected run/ls 172847 130 not in lumiDB
[WARNING] lumi or trg for selected run/ls 172847 131 not in lumiDB
[WARNING] lumi or trg for selected run/ls 171315 222 not in lumiDB
[WARNING] lumi or trg for selected run/ls 171315 223 not in lumiDB
[WARNING] lumi or trg for selected run/ls 171315 224 not in lumiDB
[WARNING] lumi or trg for selected run/ls 171315 225 not in lumiDB
[WARNING] lumi or trg for selected run/ls 167740 167 not in lumiDB
[WARNING] lumi or trg for selected run/ls 167740 168 not in lumiDB
[WARNING] lumi or trg for selected run/ls 167740 170 not in lumiDB
[WARNING] lumi or trg for selected run/ls 167740 171 not in lumiDB
[WARNING] lumi or trg for selected run/ls 167740 172 not in lumiDB
[WARNING] lumi or trg for selected run/ls 167740 173 not in lumiDB
[WARNING] lumi or trg for selected run/ls 173380 217 not in lumiDB
[WARNING] lumi or trg for selected run/ls 173381 290 not in lumiDB
[WARNING] lumi or trg for selected run/ls 173381 291 not in lumiDB
[WARNING] lumi or trg for selected run/ls 173381 292 not in lumiDB
[WARNING] lumi or trg for selected run/ls 173381 293 not in lumiDB
[WARNING] lumi or trg for selected run/ls 173381 294 not in lumiDB
[WARNING] lumi or trg for selected run/ls 167754 99 not in lumiDB
[WARNING] lumi or trg for selected run/ls 167754 100 not in lumiDB
[WARNING] lumi or trg for selected run/ls 167754 101 not in lumiDB
[WARNING] lumi or trg for selected run/ls 167754 102 not in lumiDB
[WARNING] lumi or trg for selected run/ls 167754 103 not in lumiDB
[WARNING] lumi or trg for selected run/ls 166967 216 not in lumiDB
[WARNING] lumi or trg for selected run/ls 166967 217 not in lumiDB
[WARNING] lumi or trg for selected run/ls 166967 218 not in lumiDB
[WARNING] lumi or trg for selected run/ls 166967 219 not in lumiDB
[WARNING] lumi or trg for selected run/ls 166967 220 not in lumiDB
[WARNING] lumi or trg for selected run/ls 173389 645 not in lumiDB
[WARNING] lumi or trg for selected run/ls 173389 646 not in lumiDB
[WARNING] lumi or trg for selected run/ls 173389 647 not in lumiDB
[WARNING] lumi or trg for selected run/ls 173389 648 not in lumiDB
[WARNING] lumi or trg for selected run/ls 173389 649 not in lumiDB
[WARNING] lumi or trg for selected run/ls 173389 650 not in lumiDB
[WARNING] lumi or trg for selected run/ls 173389 651 not in lumiDB
[WARNING] lumi or trg for selected run/ls 173389 652 not in lumiDB
[WARNING] lumi or trg for selected run/ls 173389 653 not in lumiDB
[WARNING] lumi or trg for selected run/ls 167551 465 not in lumiDB
[WARNING] lumi or trg for selected run/ls 167551 466 not in lumiDB
[WARNING] lumi or trg for selected run/ls 167551 467 not in lumiDB
[WARNING] lumi or trg for selected run/ls 167551 468 not in lumiDB
[WARNING] lumi or trg for selected run/ls 167551 469 not in lumiDB
[WARNING] lumi or trg for selected run/ls 167551 470 not in lumiDB
[WARNING] lumi or trg for selected run/ls 167551 471 not in lumiDB
[WARNING] lumi or trg for selected run/ls 173406 283 not in lumiDB
[WARNING] lumi or trg for selected run/ls 173406 284 not in lumiDB
[WARNING] lumi or trg for selected run/ls 173406 285 not in lumiDB
[WARNING] lumi or trg for selected run/ls 173406 286 not in lumiDB
[WARNING] lumi or trg for selected run/ls 163046 231 not in lumiDB
[WARNING] lumi or trg for selected run/ls 163046 232 not in lumiDB
[WARNING] lumi or trg for selected run/ls 163046 233 not in lumiDB
[WARNING] lumi or trg for selected run/ls 163046 234 not in lumiDB
[WARNING] lumi or trg for selected run/ls 163046 235 not in lumiDB
[WARNING] lumi or trg for selected run/ls 163046 236 not in lumiDB
[WARNING] lumi or trg for selected run/ls 163046 237 not in lumiDB
[WARNING] lumi or trg for selected run/ls 163046 238 not in lumiDB
[WARNING] lumi or trg for selected run/ls 171369 156 not in lumiDB
[WARNING] lumi or trg for selected run/ls 171369 157 not in lumiDB
[WARNING] lumi or trg for selected run/ls 171369 158 not in lumiDB
[WARNING] lumi or trg for selected run/ls 171369 159 not in lumiDB
[WARNING] lumi or trg for selected run/ls 171369 160 not in lumiDB
[WARNING] lumi or trg for selected run/ls 171369 161 not in lumiDB
[WARNING] lumi or trg for selected run/ls 167786 174 not in lumiDB
[WARNING] lumi or trg for selected run/ls 167786 175 not in lumiDB
[WARNING] lumi or trg for selected run/ls 167786 176 not in lumiDB
[WARNING] lumi or trg for selected run/ls 166763 646 not in lumiDB
[WARNING] lumi or trg for selected run/ls 166763 647 not in lumiDB
[WARNING] lumi or trg for selected run/ls 166763 648 not in lumiDB
[WARNING] lumi or trg for selected run/ls 166763 649 not in lumiDB
[WARNING] lumi or trg for selected run/ls 166763 650 not in lumiDB
[WARNING] lumi or trg for selected run/ls 172401 145 not in lumiDB
[WARNING] lumi or trg for selected run/ls 172401 146 not in lumiDB
[WARNING] lumi or trg for selected run/ls 172401 147 not in lumiDB
[WARNING] lumi or trg for selected run/ls 172401 148 not in lumiDB
[WARNING] lumi or trg for selected run/ls 170876 518 not in lumiDB
[WARNING] lumi or trg for selected run/ls 166787 361 not in lumiDB
[WARNING] lumi or trg for selected run/ls 166787 362 not in lumiDB
[WARNING] lumi or trg for selected run/ls 166787 363 not in lumiDB
[WARNING] lumi or trg for selected run/ls 166787 364 not in lumiDB
[WARNING] lumi or trg for selected run/ls 167746 381 not in lumiDB
[WARNING] lumi or trg for selected run/ls 167746 382 not in lumiDB
[WARNING] lumi or trg for selected run/ls 167746 383 not in lumiDB
[WARNING] lumi or trg for selected run/ls 167746 384 not in lumiDB
[WARNING] lumi or trg for selected run/ls 170901 193 not in lumiDB
[WARNING] lumi or trg for selected run/ls 170901 194 not in lumiDB
[WARNING] lumi or trg for selected run/ls 170901 195 not in lumiDB
[WARNING] lumi or trg for selected run/ls 170901 196 not in lumiDB
[WARNING] lumi or trg for selected run/ls 170901 197 not in lumiDB
[WARNING] lumi or trg for selected run/ls 170901 198 not in lumiDB
[WARNING] lumi or trg for selected run/ls 170901 199 not in lumiDB
[WARNING] lumi or trg for selected run/ls 170901 200 not in lumiDB
[WARNING] lumi or trg for selected run/ls 171926 261 not in lumiDB
[WARNING] lumi or trg for selected run/ls 171926 262 not in lumiDB
[WARNING] lumi or trg for selected run/ls 171926 263 not in lumiDB
[WARNING] lumi or trg for selected run/ls 171926 264 not in lumiDB
[WARNING] lumi or trg for selected run/ls 163738 300 not in lumiDB
[WARNING] lumi or trg for selected run/ls 163738 301 not in lumiDB
[WARNING] lumi or trg for selected run/ls 163738 302 not in lumiDB
[WARNING] lumi or trg for selected run/ls 163738 303 not in lumiDB
[WARNING] lumi or trg for selected run/ls 163738 304 not in lumiDB
[WARNING] lumi or trg for selected run/ls 163738 305 not in lumiDB
[WARNING] lumi or trg for selected run/ls 163738 306 not in lumiDB
[WARNING] lumi or trg for selected run/ls 163738 307 not in lumiDB
[WARNING] lumi or trg for selected run/ls 163738 308 not in lumiDB
[WARNING] lumi or trg for selected run/ls 163738 309 not in lumiDB
[WARNING] lumi or trg for selected run/ls 163738 310 not in lumiDB
[WARNING] lumi or trg for selected run/ls 163738 311 not in lumiDB
[WARNING] lumi or trg for selected run/ls 163238 14 not in lumiDB
[WARNING] lumi or trg for selected run/ls 163238 15 not in lumiDB
[WARNING] lumi or trg for selected run/ls 166150 101 not in lumiDB
[WARNING] lumi or trg for selected run/ls 166150 102 not in lumiDB
[WARNING] lumi or trg for selected run/ls 166150 103 not in lumiDB
[WARNING] lumi or trg for selected run/ls 166150 104 not in lumiDB
[WARNING] lumi or trg for selected run/ls 166150 105 not in lumiDB
[WARNING] lumi or trg for selected run/ls 166150 106 not in lumiDB
[WARNING] lumi or trg for selected run/ls 166150 107 not in lumiDB
[WARNING] lumi or trg for selected run/ls 166150 108 not in lumiDB
[WARNING] lumi or trg for selected run/ls 166150 109 not in lumiDB
[WARNING] lumi or trg for selected run/ls 166150 110 not in lumiDB
[WARNING] lumi or trg for selected run/ls 166150 111 not in lumiDB
[WARNING] lumi or trg for selected run/ls 166150 112 not in lumiDB
[WARNING] lumi or trg for selected run/ls 166150 113 not in lumiDB
[WARNING] lumi or trg for selected run/ls 166150 114 not in lumiDB
[WARNING] lumi or trg for selected run/ls 166150 115 not in lumiDB
[WARNING] lumi or trg for selected run/ls 166150 116 not in lumiDB
[WARNING] lumi or trg for selected run/ls 163758 591 not in lumiDB
[WARNING] lumi or trg for selected run/ls 163765 309 not in lumiDB
[WARNING] lumi or trg for selected run/ls 163765 310 not in lumiDB
[WARNING] lumi or trg for selected run/ls 163765 311 not in lumiDB
[WARNING] lumi or trg for selected run/ls 163765 312 not in lumiDB
[WARNING] lumi or trg for selected run/ls 163765 313 not in lumiDB
[WARNING] lumi or trg for selected run/ls 163765 314 not in lumiDB
[WARNING] lumi or trg for selected run/ls 163765 315 not in lumiDB
[WARNING] lumi or trg for selected run/ls 163765 316 not in lumiDB
[WARNING] lumi or trg for selected run/ls 163765 317 not in lumiDB
[WARNING] lumi or trg for selected run/ls 163765 318 not in lumiDB
[WARNING] lumi or trg for selected run/ls 163765 319 not in lumiDB
[WARNING] lumi or trg for selected run/ls 163765 320 not in lumiDB
[WARNING] lumi or trg for selected run/ls 163765 321 not in lumiDB
[WARNING] lumi or trg for selected run/ls 171446 861 not in lumiDB
[WARNING] lumi or trg for selected run/ls 171446 862 not in lumiDB
[WARNING] lumi or trg for selected run/ls 171446 863 not in lumiDB
[WARNING] lumi or trg for selected run/ls 171446 864 not in lumiDB
[WARNING] lumi or trg for selected run/ls 166842 165 not in lumiDB
[WARNING] lumi or trg for selected run/ls 166842 166 not in lumiDB
[WARNING] lumi or trg for selected run/ls 166842 167 not in lumiDB
[WARNING] lumi or trg for selected run/ls 166842 168 not in lumiDB
[WARNING] lumi or trg for selected run/ls 166842 169 not in lumiDB
[WARNING] lumi or trg for selected run/ls 166842 170 not in lumiDB
[WARNING] lumi or trg for selected run/ls 166429 88 not in lumiDB
[WARNING] lumi or trg for selected run/ls 166429 89 not in lumiDB
[WARNING] lumi or trg for selected run/ls 167043 228 not in lumiDB
[WARNING] lumi or trg for selected run/ls 167043 229 not in lumiDB
[WARNING] lumi or trg for selected run/ls 167043 230 not in lumiDB
[WARNING] lumi or trg for selected run/ls 167043 231 not in lumiDB
[WARNING] lumi or trg for selected run/ls 167043 232 not in lumiDB
[WARNING] lumi or trg for selected run/ls 167043 233 not in lumiDB
[WARNING] lumi or trg for selected run/ls 167043 234 not in lumiDB
[WARNING] lumi or trg for selected run/ls 167043 235 not in lumiDB
[WARNING] lumi or trg for selected run/ls 163270 916 not in lumiDB
[WARNING] lumi or trg for selected run/ls 163270 917 not in lumiDB
[WARNING] lumi or trg for selected run/ls 163270 918 not in lumiDB
[WARNING] lumi or trg for selected run/ls 163270 919 not in lumiDB
[WARNING] lumi or trg for selected run/ls 163270 920 not in lumiDB
[WARNING] lumi or trg for selected run/ls 163270 921 not in lumiDB
[WARNING] lumi or trg for selected run/ls 163270 922 not in lumiDB
[WARNING] lumi or trg for selected run/ls 163270 923 not in lumiDB
[WARNING] lumi or trg for selected run/ls 163270 924 not in lumiDB
[WARNING] lumi or trg for selected run/ls 163270 925 not in lumiDB
[WARNING] lumi or trg for selected run/ls 163270 926 not in lumiDB
[WARNING] lumi or trg for selected run/ls 163270 927 not in lumiDB
[WARNING] lumi or trg for selected run/ls 163270 928 not in lumiDB
[WARNING] lumi or trg for selected run/ls 172999 290 not in lumiDB
[WARNING] lumi or trg for selected run/ls 172999 291 not in lumiDB
[WARNING] lumi or trg for selected run/ls 172999 292 not in lumiDB
[WARNING] lumi or trg for selected run/ls 172999 293 not in lumiDB
[WARNING] lumi or trg for selected run/ls 172999 294 not in lumiDB
[WARNING] lumi or trg for selected run/ls 166346 212 not in lumiDB
[WARNING] lumi or trg for selected run/ls 166346 213 not in lumiDB
[WARNING] lumi or trg for selected run/ls 166346 214 not in lumiDB
[WARNING] lumi or trg for selected run/ls 166346 215 not in lumiDB
[WARNING] lumi or trg for selected run/ls 166859 412 not in lumiDB
[WARNING] lumi or trg for selected run/ls 166859 413 not in lumiDB
[WARNING] lumi or trg for selected run/ls 166859 414 not in lumiDB
[WARNING] lumi or trg for selected run/ls 166859 415 not in lumiDB
[WARNING] lumi or trg for selected run/ls 166859 416 not in lumiDB
[WARNING] lumi or trg for selected run/ls 166859 417 not in lumiDB
[WARNING] lumi or trg for selected run/ls 166859 418 not in lumiDB
[WARNING] lumi or trg for selected run/ls 166859 421 not in lumiDB
[WARNING] lumi or trg for selected run/ls 166859 423 not in lumiDB
[WARNING] lumi or trg for selected run/ls 166860 21 not in lumiDB
[WARNING] lumi or trg for selected run/ls 166864 535 not in lumiDB
[WARNING] lumi or trg for selected run/ls 166864 536 not in lumiDB
[WARNING] lumi or trg for selected run/ls 166864 537 not in lumiDB
[WARNING] lumi or trg for selected run/ls 163796 177 not in lumiDB
[WARNING] lumi or trg for selected run/ls 163796 178 not in lumiDB
[WARNING] lumi or trg for selected run/ls 163796 179 not in lumiDB
[WARNING] lumi or trg for selected run/ls 163796 180 not in lumiDB
[WARNING] lumi or trg for selected run/ls 163796 181 not in lumiDB
[WARNING] lumi or trg for selected run/ls 163796 182 not in lumiDB
[WARNING] lumi or trg for selected run/ls 163289 385 not in lumiDB
[WARNING] lumi or trg for selected run/ls 163289 386 not in lumiDB
[WARNING] lumi or trg for selected run/ls 163289 387 not in lumiDB
[WARNING] lumi or trg for selected run/ls 163289 388 not in lumiDB
[WARNING] lumi or trg for selected run/ls 171484 432 not in lumiDB
[WARNING] lumi or trg for selected run/ls 162811 339 not in lumiDB
[WARNING] lumi or trg for selected run/ls 162811 340 not in lumiDB
[WARNING] lumi or trg for selected run/ls 163817 963 not in lumiDB
[WARNING] lumi or trg for selected run/ls 163817 964 not in lumiDB
[WARNING] lumi or trg for selected run/ls 163817 965 not in lumiDB
[WARNING] lumi or trg for selected run/ls 163817 966 not in lumiDB
[WARNING] lumi or trg for selected run/ls 172014 237 not in lumiDB
[WARNING] lumi or trg for selected run/ls 172014 238 not in lumiDB
[WARNING] lumi or trg for selected run/ls 172014 239 not in lumiDB
[WARNING] lumi or trg for selected run/ls 172014 240 not in lumiDB
[WARNING] lumi or trg for selected run/ls 172014 241 not in lumiDB
[WARNING] lumi or trg for selected run/ls 172014 242 not in lumiDB
[WARNING] lumi or trg for selected run/ls 172014 243 not in lumiDB
[WARNING] lumi or trg for selected run/ls 165364 1298 not in lumiDB
[WARNING] lumi or trg for selected run/ls 165364 1299 not in lumiDB
[WARNING] lumi or trg for selected run/ls 165364 1300 not in lumiDB
[WARNING] lumi or trg for selected run/ls 165364 1301 not in lumiDB
[WARNING] lumi or trg for selected run/ls 166911 101 not in lumiDB
[WARNING] lumi or trg for selected run/ls 166911 102 not in lumiDB
[WARNING] lumi or trg for selected run/ls 166911 103 not in lumiDB
[WARNING] lumi or trg for selected run/ls 166911 104 not in lumiDB
 ==  = 
|    Run:Fill | Delivered LS |     Delivered |          Selected LS |      Recorded |
-------------------------------------------------------------------------------------
| 160431:1615 |          197 |  90.951 (/ub) |             [19-215] |  90.951 (/ub) |
| 160577:1622 |           53 | 612.545 (/ub) |            [254-306] | 579.862 (/ub) |
| 160578:1622 |          175 |   1.832 (/nb) |    [6-53], [274-400] |   1.738 (/nb) |
| 160871:1636 |          141 |   5.630 (/nb) |             [68-208] |   3.400 (/nb) |
| 160872:1636 |           38 |   9.462 (/nb) |      [1-9], [25-35], |   5.328 (/nb) |
|             |              |               |              [38-55] |               |
| 160873:1636 |          133 |  12.233 (/nb) |              [1-133] |  10.993 (/nb) |
| 160874:1636 |           68 |  11.474 (/nb) |     [1-51], [97-113] |   8.828 (/nb) |
| 160939:1639 |          123 | 149.382 (/nb) |              [1-123] | 146.015 (/nb) |
| 160940:1639 |           79 |  92.509 (/nb) |               [1-79] |  89.101 (/nb) |
| 160942:1639 |           12 |  13.715 (/nb) |               [1-12] |  11.897 (/nb) |
| 160943:1639 |           54 |  60.333 (/nb) |               [1-54] |  58.090 (/nb) |
| 160955:1640 |          197 | 669.945 (/nb) |  [1-130], [133-138], | 408.449 (/nb) |
|             |              |               |           [140-151], |               |
|             |              |               |           [153-154], |               |
|             |              |               |           [156-172], |               |
|             |              |               | [175-201], [204-206] |               |
| 160956:1640 |           64 | 203.051 (/nb) |               [2-65] | 194.949 (/nb) |
| 160957:1640 |          953 |   2.545 (/pb) |              [1-953] |   2.446 (/pb) |
| 160998:1642 |          251 | 676.964 (/nb) |              [2-252] | 664.147 (/nb) |
| 161008:1642 |           76 | 191.965 (/nb) |               [2-77] | 189.333 (/nb) |
| 161016:1642 |          299 | 664.558 (/nb) |              [2-300] | 653.533 (/nb) |
| 161103:1644 |           99 | 389.802 (/nb) |              [2-100] | 377.584 (/nb) |
| 161106:1644 |           25 |  93.337 (/nb) |               [2-26] |  91.909 (/nb) |
| 161107:1644 |           28 | 101.228 (/nb) |               [2-29] |  99.759 (/nb) |
| 161113:1644 |           23 |  80.535 (/nb) |               [2-24] |  78.696 (/nb) |
| 161116:1644 |           10 |  33.975 (/nb) |               [2-11] |  33.597 (/nb) |
| 161117:1644 |           23 |  78.201 (/nb) |               [2-24] |  76.858 (/nb) |
| 161119:1644 |          181 | 576.048 (/nb) |       [1-1], [7-58], | 548.310 (/nb) |
|             |              |               | [69-108], [115-141], |               |
|             |              |               | [145-173], [179-210] |               |
| 161176:1644 |           31 |  85.206 (/nb) |               [1-31] |  82.054 (/nb) |
| 161217:1645 |          717 |   3.495 (/pb) |             [37-753] |   3.456 (/pb) |
| 161222:1645 |           97 | 400.165 (/nb) |               [1-97] | 394.856 (/nb) |
| 161223:1645 |          375 |   1.417 (/pb) |              [1-375] |   1.403 (/pb) |
| 161233:1646 |            1 |   5.467 (/nb) |              [33-33] |   3.083 (/nb) |
| 161310:1647 |           78 | 445.705 (/nb) |             [39-116] | 434.205 (/nb) |
| 161311:1647 |          645 |   3.087 (/pb) |   [1-554], [559-649] |   3.064 (/pb) |
| 161312:1647 |         1019 |   3.599 (/pb) |  [1-826], [835-1027] |   3.583 (/pb) |
| 162762:1711 |          102 | 379.653 (/nb) |              [1-102] | 372.603 (/nb) |
| 162765:1711 |           10 |  36.686 (/nb) |               [1-10] |  33.438 (/nb) |
| 162803:1712 |           80 | 440.190 (/nb) |             [60-139] | 425.756 (/nb) |
| 162808:1712 |           51 | 272.945 (/nb) |               [1-51] | 263.457 (/nb) |
| 162811:1712 |          338 |   1.683 (/pb) |              [1-338] |   1.657 (/pb) |
| 162822:1713 |          235 |   1.222 (/pb) |             [73-307] |   1.201 (/pb) |
| 162825:1713 |          184 | 880.635 (/nb) |              [1-184] | 862.750 (/nb) |
| 162826:1713 |           24 | 108.686 (/nb) |               [1-24] | 102.591 (/nb) |
| 162828:1713 |           82 | 362.039 (/nb) |               [1-82] | 355.913 (/nb) |
| 162909:1716 |          227 |   1.814 (/pb) |    [54-79], [82-282] |   1.788 (/pb) |
| 163046:1721 |          229 |   1.629 (/pb) |   [1-133], [135-230] |   1.606 (/pb) |
| 163069:1722 |          546 |   3.948 (/pb) |  [73-452], [468-633] |   3.902 (/pb) |
| 163071:1722 |          161 |   1.061 (/pb) |              [1-161] |   1.044 (/pb) |
| 163078:1722 |           23 | 144.728 (/nb) |               [1-23] | 136.474 (/nb) |
| 163232:1727 |           38 | 263.492 (/nb) | [110-113], [116-149] | 255.255 (/nb) |
| 163233:1727 |          283 |   1.844 (/pb) |              [1-283] |   1.817 (/pb) |
| 163234:1727 |           66 | 405.144 (/nb) |               [1-66] | 394.274 (/nb) |
| 163235:1727 |          461 |   2.633 (/pb) |              [1-461] |   2.604 (/pb) |
| 163237:1727 |          213 |   1.114 (/pb) |              [1-213] |   1.099 (/pb) |
| 163238:1727 |            5 |  24.950 (/nb) |               [9-13] |  24.713 (/nb) |
| 163252:1728 |           78 | 706.449 (/nb) |             [60-137] | 679.521 (/nb) |
| 163255:1728 |          923 |   7.014 (/pb) |  [1-359], [412-844], |   6.924 (/pb) |
|             |              |               | [846-846], [848-977] |               |
| 163261:1728 |          120 | 787.173 (/nb) |      [1-3], [10-126] | 774.711 (/nb) |
| 163270:1729 |          896 |   8.155 (/pb) |     [1-76], [79-94], |   8.049 (/pb) |
|             |              |               | [99-475], [479-527], |               |
|             |              |               | [529-685], [695-915] |               |
| 163286:1730 |          290 |   1.868 (/pb) |            [112-401] |   1.847 (/pb) |
| 163289:1730 |          384 |   2.240 (/pb) |              [1-384] |   2.204 (/pb) |
| 163296:1731 |          526 |   5.226 (/pb) |  [59-230], [232-585] |   5.155 (/pb) |
| 163297:1731 |          219 |   1.960 (/pb) |              [1-219] |   1.929 (/pb) |
| 163300:1731 |          616 |   4.976 (/pb) |              [1-616] |   4.926 (/pb) |
| 163301:1731 |          192 |   1.430 (/pb) |              [1-192] |   1.411 (/pb) |
| 163302:1731 |          190 |   1.363 (/pb) |              [1-190] |   1.348 (/pb) |
| 163332:1732 |          651 |   6.850 (/pb) | [43-118], [224-264], |   6.680 (/pb) |
|             |              |               |           [266-599], |               |
|             |              |               | [601-639], [641-801] |               |
| 163333:1732 |          106 |   1.005 (/pb) |              [1-106] | 986.116 (/nb) |
| 163334:1732 |          437 |   3.851 (/pb) |     [1-35], [37-37], |   3.816 (/pb) |
|             |              |               |            [156-556] |               |
| 163337:1732 |          445 |   3.627 (/pb) |    [1-18], [27-201], |   3.579 (/pb) |
|             |              |               | [203-426], [434-461] |               |
| 163338:1732 |          164 |   1.271 (/pb) |              [1-164] |   1.251 (/pb) |
| 163339:1732 |          172 |   1.289 (/pb) |              [1-172] |   1.272 (/pb) |
| 163340:1732 |          478 |   3.393 (/pb) |              [1-478] |   3.364 (/pb) |
| 163358:1733 |           22 | 225.552 (/nb) |              [39-60] | 221.752 (/nb) |
| 163369:1735 |           94 |   1.012 (/pb) |               [1-94] | 994.066 (/nb) |
| 163370:1735 |          147 |   1.509 (/pb) |              [1-147] |   1.484 (/pb) |
| 163371:1735 |          316 |   2.979 (/pb) |   [1-107], [148-356] |   2.936 (/pb) |
| 163372:1735 |           52 | 465.511 (/nb) |               [1-52] | 456.012 (/nb) |
| 163374:1735 |          860 |   6.799 (/pb) |   [1-599], [603-863] |   6.746 (/pb) |
| 163375:1735 |           10 |  69.860 (/nb) |               [1-10] |  65.028 (/nb) |
| 163376:1735 |          245 |   1.730 (/pb) |     [1-20], [22-246] |   1.708 (/pb) |
| 163378:1735 |          574 |   3.730 (/pb) |    [1-81], [89-179], |   3.704 (/pb) |
|             |              |               | [181-272], [306-615] |               |
| 163385:1736 |          351 |   3.223 (/pb) |  [52-240], [244-405] |   3.192 (/pb) |
| 163387:1736 |          253 |   2.096 (/pb) |              [1-253] |   2.074 (/pb) |
| 163402:1737 |          722 |   7.013 (/pb) | [37-250], [271-560], |   6.938 (/pb) |
|             |              |               | [581-582], [586-801] |               |
| 163475:1739 |          263 |   2.974 (/pb) |             [30-292] |   2.821 (/pb) |
| 163476:1739 |          208 |   2.175 (/pb) |     [1-94], [98-211] |   2.062 (/pb) |
| 163478:1739 |           63 | 623.942 (/nb) |               [1-63] | 467.068 (/nb) |
| 163479:1739 |          175 |   1.717 (/pb) |              [1-175] |   1.694 (/pb) |
| 163480:1739 |          186 |   1.737 (/pb) |    [1-92], [96-188], |   1.697 (/pb) |
|             |              |               |            [190-190] |               |
| 163481:1739 |           77 | 703.064 (/nb) |     [1-72], [74-77], | 655.205 (/nb) |
|             |              |               |              [79-79] |               |
| 163482:1739 |           27 | 243.001 (/nb) |               [1-27] | 235.315 (/nb) |
| 163483:1739 |           44 | 382.928 (/nb) |               [1-44] | 374.431 (/nb) |
| 163582:1743 |           21 | 327.615 (/nb) |               [1-21] | 253.677 (/nb) |
| 163583:1743 |          198 |   2.983 (/pb) |     [1-10], [12-63], |   2.844 (/pb) |
|             |              |               |   [65-92], [96-155], |               |
|             |              |               | [157-173], [175-205] |               |
| 163584:1743 |           56 | 802.165 (/nb) |               [1-56] | 764.122 (/nb) |
| 163585:1743 |           32 | 445.573 (/nb) |               [1-32] | 430.371 (/nb) |
| 163586:1743 |           75 |   1.045 (/pb) |               [1-75] |   1.024 (/pb) |
| 163587:1743 |           52 | 712.088 (/nb) |               [1-52] | 696.139 (/nb) |
| 163588:1743 |          445 |   5.685 (/pb) |      [1-8], [10-446] |   5.610 (/pb) |
| 163589:1743 |          159 |   1.896 (/pb) |     [1-49], [51-160] |   1.875 (/pb) |
| 163596:1743 |           25 | 274.584 (/nb) |               [1-25] | 262.867 (/nb) |
| 163630:1744 |           97 |   1.296 (/pb) |  [76-164], [176-183] |   1.264 (/pb) |
| 163655:1745 |            9 | 145.189 (/nb) |              [15-23] | 132.939 (/nb) |
| 163657:1745 |          140 |   2.159 (/pb) |              [1-140] |   2.108 (/pb) |
| 163658:1745 |            3 |  43.768 (/nb) |                [1-3] |   6.302 (/nb) |
| 163659:1745 |          703 |   9.526 (/pb) |  [1-374], [376-650], |   9.344 (/pb) |
|             |              |               |            [652-705] |               |
| 163660:1745 |           72 | 886.146 (/nb) |               [1-72] | 737.719 (/nb) |
| 163661:1745 |           15 | 181.991 (/nb) |               [1-15] | 110.419 (/nb) |
| 163662:1745 |          154 |   1.826 (/pb) |              [1-154] |   1.795 (/pb) |
| 163663:1745 |          244 |   2.750 (/pb) |   [1-106], [109-246] |   2.632 (/pb) |
| 163664:1745 |          177 |   1.913 (/pb) |   [1-119], [121-178] |   1.856 (/pb) |
| 163668:1745 |          207 |   2.072 (/pb) |    [1-53], [57-136], |   2.032 (/pb) |
|             |              |               |            [140-213] |               |
| 163738:1748 |          266 |   4.089 (/pb) |             [34-299] |   4.039 (/pb) |
| 163757:1749 |           40 | 594.947 (/nb) |               [1-40] | 568.287 (/nb) |
| 163758:1749 |          569 |   7.728 (/pb) |    [1-17], [19-220], |   7.360 (/pb) |
|             |              |               |           [222-224], |               |
|             |              |               |           [236-276], |               |
|             |              |               |           [283-374], |               |
|             |              |               | [376-466], [468-590] |               |
| 163759:1749 |          485 |   5.839 (/pb) |     [1-60], [62-72], |   5.732 (/pb) |
|             |              |               | [74-456], [458-461], |               |
|             |              |               | [463-482], [504-510] |               |
| 163760:1749 |          338 |   3.722 (/pb) |   [1-162], [165-340] |   3.652 (/pb) |
| 163761:1749 |          203 |   2.097 (/pb) |              [1-203] |   2.075 (/pb) |
| 163763:1749 |           79 | 792.934 (/nb) |               [1-79] | 780.998 (/nb) |
| 163765:1749 |          308 |   2.994 (/pb) |              [1-308] |   2.948 (/pb) |
| 163795:1753 |           32 | 541.778 (/nb) |    [10-34], [36-36], | 451.126 (/nb) |
|             |              |               |              [38-43] |               |
| 163796:1753 |          176 |   3.228 (/pb) |              [1-176] |   3.166 (/pb) |
| 163817:1755 |          753 |  13.369 (/pb) | [50-140], [154-205], |  13.040 (/pb) |
|             |              |               |           [216-295], |               |
|             |              |               |           [305-346], |               |
|             |              |               |           [358-457], |               |
|             |              |               | [561-603], [618-962] |               |
| 163869:1756 |           42 | 737.080 (/nb) |             [79-120] | 715.691 (/nb) |
| 165088:1782 |          159 |   2.056 (/nb) |            [107-265] |   2.056 (/nb) |
| 165098:1783 |          285 |  27.931 (/nb) |           [124-187], |  27.387 (/nb) |
|             |              |               |           [190-193], |               |
|             |              |               |           [195-248], |               |
|             |              |               |           [250-254], |               |
|             |              |               |           [256-331], |               |
|             |              |               | [333-367], [369-415] |               |
| 165099:1783 |          105 |   8.881 (/nb) |              [1-105] |   8.877 (/nb) |
| 165102:1783 |          185 |  16.227 (/nb) |              [1-185] |  16.222 (/nb) |
| 165103:1783 |          440 |  46.229 (/nb) |              [1-440] |  46.216 (/nb) |
| 165120:1785 |           16 |  79.531 (/nb) |              [82-97] |  78.681 (/nb) |
| 165121:1785 |          466 |   2.077 (/pb) |              [1-466] |   2.047 (/pb) |
| 165205:1787 |          169 | 876.909 (/nb) |             [80-248] | 863.404 (/nb) |
| 165208:1787 |          101 | 492.641 (/nb) |              [1-101] | 477.114 (/nb) |
| 165364:1795 |         1199 |  17.112 (/pb) | [45-111], [114-147], |  16.697 (/pb) |
|             |              |               |           [160-807], |               |
|             |              |               |          [809-1220], |               |
|             |              |               |          [1260-1297] |               |
| 165402:1796 |           27 | 469.872 (/nb) |               [1-27] | 432.142 (/nb) |
| 165415:1798 |         1313 |  19.803 (/pb) |   [58-85], [88-640], |  19.341 (/pb) |
|             |              |               |           [643-707], |               |
|             |              |               |           [712-777], |               |
|             |              |               |          [780-1356], |               |
|             |              |               |          [1360-1383] |               |
| 165467:1799 |          670 |  12.291 (/pb) |             [39-708] |  11.695 (/pb) |
| 165472:1799 |          881 |  13.212 (/pb) |   [1-184], [186-882] |  12.855 (/pb) |
| 165486:1800 |           66 |   1.482 (/pb) |             [37-102] |   1.414 (/pb) |
| 165487:1800 |          145 |   3.105 (/pb) |              [1-145] |   2.992 (/pb) |
| 165506:1801 |          114 |   2.087 (/pb) |             [54-167] |   1.975 (/pb) |
| 165514:1802 |          476 |  11.385 (/pb) | [72-244], [246-270], |  10.774 (/pb) |
|             |              |               |            [283-560] |               |
| 165525:1803 |           31 | 621.383 (/nb) |               [1-31] | 560.684 (/nb) |
| 165537:1803 |          294 |   5.151 (/pb) |     [1-20], [22-295] |   4.834 (/pb) |
| 165548:1803 |          586 |   8.878 (/pb) |  [1-363], [365-381], |   8.646 (/pb) |
|             |              |               |            [384-589] |               |
| 165558:1803 |           62 | 870.910 (/nb) |               [1-62] | 814.557 (/nb) |
| 165567:1804 |          569 |  12.715 (/pb) | [54-109], [114-309], |  12.315 (/pb) |
|             |              |               |            [315-631] |               |
| 165570:1804 |          932 |  17.146 (/pb) |       [1-2], [5-83], |  16.660 (/pb) |
|             |              |               | [88-207], [209-351], |               |
|             |              |               |            [355-942] |               |
| 165617:1805 |          260 |   6.470 (/pb) |   [26-52], [54-143], |   6.153 (/pb) |
|             |              |               |            [145-287] |               |
| 165620:1805 |            6 | 136.277 (/nb) |              [14-19] | 130.736 (/nb) |
| 165633:1806 |          439 |  10.349 (/pb) |    [56-62], [64-64], |   9.970 (/pb) |
|             |              |               | [66-129], [133-317], |               |
|             |              |               |            [319-500] |               |
| 165970:1809 |          261 |   6.770 (/pb) |  [67-263], [266-329] |   6.636 (/pb) |
| 165993:1812 |         1610 |  33.079 (/pb) | [71-643], [652-873], |  32.641 (/pb) |
|             |              |               |          [879-1660], |               |
|             |              |               |          [1665-1697] |               |
| 166011:1813 |           81 |   1.957 (/pb) |               [1-81] |   1.871 (/pb) |
| 166033:1815 |         1169 |  30.608 (/pb) |   [35-53], [59-330], |  30.090 (/pb) |
|             |              |               |           [336-355], |               |
|             |              |               |           [360-444], |               |
|             |              |               |           [450-606], |               |
|             |              |               |           [613-707], |               |
|             |              |               |           [713-1233] |               |
| 166034:1815 |          297 |   6.411 (/pb) |  [1-109], [115-228], |   6.292 (/pb) |
|             |              |               |            [234-307] |               |
| 166049:1816 |          612 |  16.666 (/pb) |   [53-86], [88-236], |  16.354 (/pb) |
|             |              |               |           [242-636], |               |
|             |              |               | [639-670], [673-674] |               |
| 166149:1822 |            1 |  27.277 (/nb) |                [1-1] |   1.921 (/nb) |
| 166150:1822 |           99 |   2.931 (/pb) |               [1-99] |   2.802 (/pb) |
| 166161:1823 |           86 |   2.470 (/pb) | [38-120], [122-123], |   2.132 (/pb) |
|             |              |               |            [126-126] |               |
| 166163:1823 |           32 | 881.317 (/nb) |      [1-12], [14-33] | 631.804 (/nb) |
| 166164:1823 |           32 | 868.947 (/nb) |               [1-32] | 797.352 (/nb) |
| 166346:1835 |          163 |   4.488 (/pb) |             [48-210] |   4.415 (/pb) |
| 166374:1836 |          142 |   3.943 (/pb) |    [46-64], [66-188] |   3.832 (/pb) |
| 166380:1836 |         1796 |  36.832 (/pb) |  [1-367], [373-711], |  36.284 (/pb) |
|             |              |               |          [715-1400], |               |
|             |              |               |          [1406-1809] |               |
| 166408:1841 |         1153 |  29.055 (/pb) | [67-283], [291-947], |  28.531 (/pb) |
|             |              |               |           [953-1231] |               |
| 166429:1844 |           55 |   1.548 (/pb) |              [33-87] |   1.454 (/pb) |
| 166438:1845 |          833 |  19.208 (/pb) |   [32-85], [87-856], |  18.863 (/pb) |
|             |              |               |            [858-866] |               |
| 166462:1846 |          436 |  10.045 (/pb) | [78-102], [108-317], |   9.757 (/pb) |
|             |              |               |            [323-523] |               |
| 166486:1848 |          108 |   2.481 (/pb) |    [54-75], [80-95], |   2.434 (/pb) |
|             |              |               |             [97-166] |               |
| 166502:1851 |           57 |   1.546 (/pb) |    [43-78], [83-103] |   1.491 (/pb) |
| 166512:1852 |         1806 |  39.453 (/pb) |    [42-48], [56-63], |  38.828 (/pb) |
|             |              |               | [65-430], [432-487], |               |
|             |              |               |           [491-605], |               |
|             |              |               |          [611-1279], |               |
|             |              |               |         [1281-1818], |               |
|             |              |               |         [1821-1862], |               |
|             |              |               |         [1868-1868], |               |
|             |              |               |         [1870-1871], |               |
|             |              |               |          [1873-1874] |               |
| 166514:1852 |          455 |   7.658 (/pb) |              [1-455] |   7.556 (/pb) |
| 166530:1854 |           19 | 507.532 (/nb) |              [43-61] | 485.269 (/nb) |
| 166554:1855 |          679 |  17.095 (/pb) | [46-218], [224-287], |  16.691 (/pb) |
|             |              |               |           [290-317], |               |
|             |              |               |           [320-595], |               |
|             |              |               |           [597-730], |               |
|             |              |               | [732-734], [736-736] |               |
| 166563:1855 |          533 |  11.124 (/pb) |   [1-276], [492-748] |  10.946 (/pb) |
| 166565:1855 |          886 |  15.622 (/pb) |  [1-147], [153-312], |  15.430 (/pb) |
|             |              |               | [316-467], [469-895] |               |
| 166699:1856 |          840 |  18.521 (/pb) | [55-234], [240-415], |  18.267 (/pb) |
|             |              |               |           [421-477], |               |
|             |              |               | [483-677], [681-912] |               |
| 166701:1856 |          735 |  13.076 (/pb) |    [1-13], [16-319], |  12.903 (/pb) |
|             |              |               |           [324-506], |               |
|             |              |               |           [513-551], |               |
|             |              |               |           [557-672], |               |
|             |              |               |           [681-705], |               |
|             |              |               |           [712-724], |               |
|             |              |               |           [731-757], |               |
|             |              |               | [764-777], [783-783] |               |
| 166763:1859 |          595 |  14.170 (/pb) |  [46-168], [174-645] |  13.978 (/pb) |
| 166781:1862 |          335 |   8.476 (/pb) | [41-111], [115-115], |   8.226 (/pb) |
|             |              |               |           [117-233], |               |
|             |              |               | [236-253], [255-382] |               |
| 166782:1862 |          569 |  12.575 (/pb) |              [1-569] |  12.378 (/pb) |
| 166784:1862 |          357 |   7.099 (/pb) |  [1-114], [119-276], |   6.769 (/pb) |
|             |              |               |            [281-365] |               |
| 166787:1862 |          352 |   6.388 (/pb) |    [1-55], [60-127], |   6.298 (/pb) |
|             |              |               |            [132-360] |               |
| 166839:1863 |          255 |   6.312 (/pb) | [43-173], [178-297], |   5.515 (/pb) |
|             |              |               |            [299-302] |               |
| 166841:1863 |          983 |  20.985 (/pb) |  [1-155], [159-161], |  20.691 (/pb) |
|             |              |               |           [167-845], |               |
|             |              |               |           [851-876], |               |
|             |              |               |           [882-977], |               |
|             |              |               |           [984-984], |               |
|             |              |               |           [988-992], |               |
|             |              |               |           [998-1015] |               |
| 166842:1863 |          164 |   3.048 (/pb) |              [1-164] |   2.996 (/pb) |
| 166859:1864 |          350 |   9.132 (/pb) |             [62-411] |   8.983 (/pb) |
| 166860:1864 |           20 | 486.960 (/nb) |               [1-20] | 420.548 (/nb) |
| 166861:1864 |           12 | 267.410 (/nb) |        [1-6], [8-13] | 193.503 (/nb) |
| 166864:1864 |          494 |  10.888 (/pb) |     [1-29], [31-77], |  10.104 (/pb) |
|             |              |               |  [79-99], [102-119], |               |
|             |              |               |           [125-247], |               |
|             |              |               |           [249-307], |               |
|             |              |               |           [311-365], |               |
|             |              |               |           [367-374], |               |
|             |              |               | [378-454], [478-534] |               |
| 166888:1865 |          409 |  11.000 (/pb) |   [56-90], [93-154], |  10.649 (/pb) |
|             |              |               | [156-394], [398-470] |               |
| 166889:1865 |          223 |   5.466 (/pb) |     [1-73], [79-228] |   5.253 (/pb) |
| 166890:1865 |          441 |   9.939 (/pb) |              [1-441] |   9.756 (/pb) |
| 166894:1865 |          190 |   3.855 (/pb) |              [1-190] |   3.719 (/pb) |
| 166895:1865 |          595 |  10.929 (/pb) |    [1-66], [72-597], |  10.775 (/pb) |
|             |              |               |            [599-601] |               |
| 166911:1866 |           39 |   1.073 (/pb) |    [58-76], [81-100] |   1.036 (/pb) |
| 166922:1867 |          753 |  19.309 (/pb) |    [1-39], [41-105], |  18.897 (/pb) |
|             |              |               |           [110-340], |               |
|             |              |               |           [345-418], |               |
|             |              |               |           [423-747], |               |
|             |              |               | [752-769], [773-773] |               |
| 166923:1867 |          459 |  10.156 (/pb) |   [1-382], [389-465] |  10.010 (/pb) |
| 166946:1868 |          159 |   4.434 (/pb) |    [41-72], [75-201] |   4.322 (/pb) |
| 166950:1868 |         1402 |  31.442 (/pb) |       [1-1], [8-31], |  30.744 (/pb) |
|             |              |               | [36-210], [216-877], |               |
|             |              |               |           [883-950], |               |
|             |              |               |          [956-1012], |               |
|             |              |               |         [1018-1321], |               |
|             |              |               |         [1327-1345], |               |
|             |              |               |          [1347-1438] |               |
| 166960:1868 |          161 |   3.029 (/pb) |   [1-137], [143-166] |   2.969 (/pb) |
| 166966:1868 |          238 |   4.285 (/pb) |              [1-238] |   4.161 (/pb) |
| 166967:1868 |          215 |   3.681 (/pb) |              [1-215] |   3.629 (/pb) |
| 167039:1871 |          204 |   5.283 (/pb) |    [20-92], [98-228] |   5.205 (/pb) |
| 167041:1871 |          653 |  14.364 (/pb) |  [1-336], [339-391], |  14.136 (/pb) |
|             |              |               | [396-462], [467-663] |               |
| 167043:1871 |          223 |   4.273 (/pb) |   [1-125], [130-227] |   4.202 (/pb) |
| 167078:1873 |          131 |   3.494 (/pb) |             [40-170] |   3.398 (/pb) |
| 167098:1875 |          354 |   8.820 (/pb) |   [62-90], [92-162], |   8.669 (/pb) |
|             |              |               | [167-406], [448-461] |               |
| 167102:1875 |          418 |   8.673 (/pb) |    [1-42], [48-233], |   8.346 (/pb) |
|             |              |               | [235-317], [323-429] |               |
| 167103:1875 |           91 |   1.758 (/pb) |               [1-91] |   1.704 (/pb) |
| 167151:1880 |           42 |   1.107 (/pb) |               [1-42] |   1.041 (/pb) |
| 167281:1883 |          570 |  13.978 (/pb) | [18-140], [146-315], |  13.771 (/pb) |
|             |              |               |            [317-593] |               |
| 167282:1883 |          441 |   8.945 (/pb) |              [1-441] |   8.810 (/pb) |
| 167284:1883 |         1621 |  25.802 (/pb) |  [1-315], [320-346], |  25.534 (/pb) |
|             |              |               |           [356-395], |               |
|             |              |               |           [399-474], |               |
|             |              |               |          [476-1157], |               |
|             |              |               |         [1160-1628], |               |
|             |              |               |          [1633-1644] |               |
| 167551:1889 |          404 |  11.700 (/pb) |  [56-190], [196-464] |  11.482 (/pb) |
| 167673:1890 |          226 |   6.274 (/pb) |           [210-236], |   6.107 (/pb) |
|             |              |               |           [239-305], |               |
|             |              |               | [309-418], [423-444] |               |
| 167674:1890 |          345 |   8.717 (/pb) |              [1-345] |   8.515 (/pb) |
| 167675:1890 |          935 |  20.282 (/pb) |  [1-129], [133-299], |  19.991 (/pb) |
|             |              |               |           [301-617], |               |
|             |              |               |           [690-707], |               |
|             |              |               |           [710-712], |               |
|             |              |               |           [715-716], |               |
|             |              |               |           [719-719], |               |
|             |              |               |           [721-725], |               |
|             |              |               |           [740-741], |               |
|             |              |               |           [748-758], |               |
|             |              |               |           [762-770], |               |
|             |              |               |           [774-787], |               |
|             |              |               |           [793-797], |               |
|             |              |               |           [811-1062] |               |
| 167676:1890 |          436 |   8.014 (/pb) |   [1-278], [289-446] |   7.902 (/pb) |
| 167740:1893 |           83 |   2.326 (/pb) |  [79-126], [132-166] |   2.290 (/pb) |
| 167746:1894 |          325 |   8.934 (/pb) |             [56-380] |   8.787 (/pb) |
| 167754:1895 |           37 |   1.072 (/pb) |              [62-98] |   1.053 (/pb) |
| 167784:1898 |           17 | 493.499 (/nb) |              [51-67] | 456.058 (/nb) |
| 167786:1898 |          159 |   4.308 (/pb) |      [1-1], [11-75], |   4.201 (/pb) |
|             |              |               |             [81-173] |               |
| 167807:1900 |         1751 |  43.064 (/pb) | [60-159], [178-204], |  42.492 (/pb) |
|             |              |               |           [210-482], |               |
|             |              |               |           [484-558], |               |
|             |              |               |           [560-872], |               |
|             |              |               |          [878-1441], |               |
|             |              |               |          [1444-1842] |               |
| 167830:1900 |         1231 |  21.608 (/pb) |  [1-437], [442-587], |  21.313 (/pb) |
|             |              |               |           [590-828], |               |
|             |              |               |           [834-1242] |               |
| 167898:1901 |         1634 |  40.299 (/pb) |           [108-477], |  39.685 (/pb) |
|             |              |               |           [481-576], |               |
|             |              |               |           [582-619], |               |
|             |              |               |           [621-995], |               |
|             |              |               |         [1001-1010], |               |
|             |              |               |         [1013-1053], |               |
|             |              |               |         [1057-1295], |               |
|             |              |               |          [1298-1762] |               |
| 167913:1901 |          431 |   8.115 (/pb) |   [1-126], [128-432] |   7.995 (/pb) |
| 170722:1960 |          174 |   5.472 (/pb) |            [110-283] |   5.400 (/pb) |
| 170759:1961 |          316 |  10.304 (/pb) | [49-224], [228-251], |   9.997 (/pb) |
|             |              |               |            [257-372] |               |
| 170826:1962 |          231 |   6.906 (/pb) |   [50-81], [90-122], |   6.804 (/pb) |
|             |              |               | [139-243], [248-308] |               |
| 170842:1962 |          322 |   8.337 (/pb) |     [1-27], [32-96], |   8.199 (/pb) |
|             |              |               |            [102-331] |               |
| 170854:1962 |          565 |  12.457 (/pb) |  [1-336], [341-414], |  12.240 (/pb) |
|             |              |               | [420-470], [475-578] |               |
| 170876:1962 |          507 |   9.210 (/pb) |  [1-110], [115-295], |   9.079 (/pb) |
|             |              |               |            [301-516] |               |
| 170896:1962 |          212 |   3.482 (/pb) |              [1-212] |   3.421 (/pb) |
| 170899:1962 |           84 |   1.326 (/pb) |               [1-84] |   1.309 (/pb) |
| 170901:1962 |          187 |   2.857 (/pb) |   [1-153], [159-192] |   2.815 (/pb) |
| 171050:1966 |          573 |  18.761 (/pb) |   [47-74], [80-225], |  18.349 (/pb) |
|             |              |               |           [230-246], |               |
|             |              |               |           [252-337], |               |
|             |              |               |           [342-369], |               |
|             |              |               |           [371-379], |               |
|             |              |               |           [384-423], |               |
|             |              |               | [427-467], [471-648] |               |
| 171091:1966 |          135 |   3.658 (/pb) |              [1-135] |   3.508 (/pb) |
| 171098:1966 |            8 | 213.745 (/nb) |                [1-8] |  97.352 (/nb) |
| 171102:1966 |           19 | 501.990 (/nb) |               [1-19] | 443.460 (/nb) |
| 171106:1966 |          284 |   7.044 (/pb) |     [1-27], [32-288] |   6.915 (/pb) |
| 171117:1966 |           77 |   1.785 (/pb) |      [1-54], [56-78] |   1.721 (/pb) |
| 171156:1967 |          632 |  19.657 (/pb) | [42-106], [111-288], |  19.103 (/pb) |
|             |              |               |            [297-685] |               |
| 171178:1967 |         1006 |  23.362 (/pb) |    [1-92], [97-205], |  22.963 (/pb) |
|             |              |               |           [210-551], |               |
|             |              |               |           [556-557], |               |
|             |              |               |           [563-787], |               |
|             |              |               |           [792-891], |               |
|             |              |               |           [896-963], |               |
|             |              |               |           [968-1035] |               |
| 171219:1968 |          104 |   4.161 (/pb) |             [48-151] |   4.105 (/pb) |
| 171274:1970 |           54 |   2.342 (/pb) |  [88-137], [140-143] |   2.129 (/pb) |
| 171282:1970 |          159 |   6.419 (/pb) |     [1-12], [14-99], |   6.235 (/pb) |
|             |              |               | [104-134], [140-169] |               |
| 171315:1971 |          169 |   6.550 (/pb) |             [53-221] |   6.457 (/pb) |
| 171369:1972 |          103 |   4.068 (/pb) | [42-130], [136-137], |   4.009 (/pb) |
|             |              |               |            [144-155] |               |
| 171446:1974 |          783 |  26.979 (/pb) | [58-394], [401-450], |  26.641 (/pb) |
|             |              |               |           [456-645], |               |
|             |              |               | [650-749], [755-860] |               |
| 171484:1975 |          361 |  13.495 (/pb) | [61-202], [207-370], |  13.311 (/pb) |
|             |              |               |            [377-431] |               |
| 171578:1979 |          891 |  24.989 (/pb) | [47-150], [156-174], |  24.661 (/pb) |
|             |              |               |           [179-314], |               |
|             |              |               |           [320-347], |               |
|             |              |               |           [353-480], |               |
|             |              |               |           [487-572], |               |
|             |              |               | [578-816], [821-971] |               |
| 171812:1982 |          371 |  14.144 (/pb) |  [59-296], [301-433] |  13.855 (/pb) |
| 171876:1985 |          523 |  19.652 (/pb) |  [1-362], [368-391], |  18.967 (/pb) |
|             |              |               |            [397-533] |               |
| 171880:1985 |          184 |   5.674 (/pb) |             [19-202] |   5.592 (/pb) |
| 171895:1985 |            1 |  28.546 (/nb) |              [34-34] |  18.518 (/nb) |
| 171897:1985 |          346 |   8.819 (/pb) |   [1-23], [205-437], |   8.628 (/pb) |
|             |              |               | [442-511], [517-536] |               |
| 171921:1986 |           91 |   4.049 (/pb) |             [51-141] |   3.928 (/pb) |
| 171926:1986 |          250 |   9.796 (/pb) |    [1-49], [51-155], |   9.519 (/pb) |
|             |              |               | [161-172], [177-260] |               |
| 172014:1990 |          230 |  10.222 (/pb) |    [1-64], [66-143], |   9.879 (/pb) |
|             |              |               |            [149-236] |               |
| 172024:1990 |           46 |   1.909 (/pb) |               [1-46] |   1.795 (/pb) |
| 172033:1990 |          728 |  24.789 (/pb) |    [1-65], [71-277], |  24.470 (/pb) |
|             |              |               |           [282-375], |               |
|             |              |               | [380-473], [478-745] |               |
| 172163:1991 |          429 |  17.865 (/pb) |  [36-109], [115-469] |  17.608 (/pb) |
| 172208:1992 |          133 |   6.376 (/pb) |             [61-193] |   6.150 (/pb) |
| 172252:1993 |           23 |   1.140 (/pb) |              [32-54] |   1.080 (/pb) |
| 172254:1993 |           35 |   1.734 (/pb) |               [1-35] |   1.579 (/pb) |
| 172255:1993 |           36 |   1.719 (/pb) |               [1-36] |   1.590 (/pb) |
| 172268:1994 |          111 |   5.410 (/pb) |             [56-166] |   5.294 (/pb) |
| 172286:1996 |          153 |   6.937 (/pb) |  [52-177], [184-210] |   6.816 (/pb) |
| 172389:1997 |          413 |  17.720 (/pb) | [34-144], [150-428], |  17.433 (/pb) |
|             |              |               |            [434-456] |               |
| 172399:1998 |          170 |   7.724 (/pb) |             [57-226] |   7.542 (/pb) |
| 172400:1998 |          695 |  25.798 (/pb) |  [1-495], [500-690], |  25.256 (/pb) |
|             |              |               |            [696-704] |               |
| 172401:1998 |          142 |   4.545 (/pb) |       [1-2], [5-144] |   4.370 (/pb) |
| 172411:1999 |          265 |  12.005 (/pb) |             [85-349] |  11.656 (/pb) |
| 172478:1999 |          108 |   3.023 (/pb) |     [1-13], [15-109] |   2.932 (/pb) |
| 172619:2000 |           77 |   1.637 (/pb) |               [1-77] |   1.575 (/pb) |
| 172620:2000 |          495 |   9.990 (/pb) |              [1-495] |   9.888 (/pb) |
| 172630:2001 |          118 |   5.723 (/pb) |   [36-64], [68-134], |   5.560 (/pb) |
|             |              |               |            [139-160] |               |
| 172635:2001 |          262 |  11.304 (/pb) |     [1-18], [24-267] |  11.031 (/pb) |
| 172778:2005 |           45 |   2.229 (/pb) |              [48-92] |   2.179 (/pb) |
| 172791:2006 |         1572 |  56.636 (/pb) | [65-413], [418-569], |  55.806 (/pb) |
|             |              |               |           [571-715], |               |
|             |              |               |          [721-1295], |               |
|             |              |               |         [1300-1536], |               |
|             |              |               |         [1542-1645], |               |
|             |              |               |          [1649-1658] |               |
| 172798:2006 |           31 | 849.676 (/nb) |               [1-31] | 780.191 (/nb) |
| 172799:2006 |          367 |   9.690 (/pb) |              [1-367] |   9.553 (/pb) |
| 172801:2006 |         1129 |  25.185 (/pb) |  [1-679], [681-750], |  24.374 (/pb) |
|             |              |               |           [753-766], |               |
|             |              |               |           [768-815], |               |
|             |              |               |           [819-837], |               |
|             |              |               |           [839-861], |               |
|             |              |               |           [863-909], |               |
|             |              |               |           [911-1139] |               |
| 172802:2006 |          780 |  14.378 (/pb) |   [1-629], [634-784] |  14.123 (/pb) |
| 172819:2007 |          194 |   9.077 (/pb) |    [57-87], [92-254] |   8.856 (/pb) |
| 172822:2007 |         2300 |  73.414 (/pb) |    [1-75], [77-127], |  72.422 (/pb) |
|             |              |               |           [133-353], |               |
|             |              |               |           [358-662], |               |
|             |              |               |           [667-832], |               |
|             |              |               |          [837-1096], |               |
|             |              |               |         [1102-1112], |               |
|             |              |               |         [1118-2121], |               |
|             |              |               |          [2127-2333] |               |
| 172824:2007 |           49 |   1.177 (/pb) |               [1-49] |   1.134 (/pb) |
| 172847:2008 |           66 |   3.365 (/pb) |             [62-127] |   3.281 (/pb) |
| 172865:2009 |          342 |  16.476 (/pb) |  [36-151], [157-382] |  15.880 (/pb) |
| 172868:2009 |         1951 |  63.371 (/pb) |    [1-29], [34-708], |  62.489 (/pb) |
|             |              |               |           [714-909], |               |
|             |              |               |          [912-1829], |               |
|             |              |               |          [1835-1967] |               |
| 172949:2010 |         1212 |  48.218 (/pb) | [55-127], [133-159], |  47.280 (/pb) |
|             |              |               |           [161-263], |               |
|             |              |               |           [269-274], |               |
|             |              |               |           [276-892], |               |
|             |              |               |           [898-928], |               |
|             |              |               |           [933-1287] |               |
| 172951:2010 |           52 |   1.662 (/pb) |               [1-52] |   1.571 (/pb) |
| 172952:2010 |         1548 |  40.209 (/pb) |  [1-195], [197-670], |  39.621 (/pb) |
|             |              |               |           [675-797], |               |
|             |              |               |          [799-1164], |               |
|             |              |               |          [1169-1558] |               |
| 172992:2011 |          395 |  15.456 (/pb) |           [505-511], |  15.207 (/pb) |
|             |              |               |           [516-713], |               |
|             |              |               | [752-874], [880-946] |               |
| 172999:2011 |          284 |   9.551 (/pb) |     [1-71], [77-289] |   9.375 (/pb) |
| 173198:2022 |          758 |  31.700 (/pb) | [49-322], [324-356], |  30.997 (/pb) |
|             |              |               |           [362-485], |               |
|             |              |               | [488-768], [770-815] |               |
| 173236:2025 |          104 |   5.333 (/pb) |            [128-231] |   5.179 (/pb) |
| 173240:2025 |          124 |   5.927 (/pb) |              [1-124] |   5.693 (/pb) |
| 173241:2025 |          739 |  30.246 (/pb) |    [1-85], [92-381], |  29.691 (/pb) |
|             |              |               |           [388-577], |               |
|             |              |               | [583-588], [592-759] |               |
| 173243:2025 |           89 |   3.172 (/pb) |               [1-89] |   3.093 (/pb) |
| 173380:2028 |          131 |   6.112 (/pb) |  [75-204], [209-209] |   5.959 (/pb) |
| 173381:2028 |          277 |  11.626 (/pb) |  [1-134], [139-221], |  11.227 (/pb) |
|             |              |               | [226-226], [231-289] |               |
| 173389:2029 |          601 |  27.004 (/pb) | [18-106], [111-169], |  25.840 (/pb) |
|             |              |               |           [174-224], |               |
|             |              |               | [230-262], [276-644] |               |
| 173406:2030 |          246 |  12.262 (/pb) |             [37-282] |  12.042 (/pb) |
| 173430:2031 |           92 |   4.685 (/pb) |             [72-163] |   4.509 (/pb) |
| 173438:2032 |           25 |   1.496 (/pb) |              [32-56] |   1.128 (/pb) |
| 173439:2032 |          740 |  36.700 (/pb) |  [1-274], [280-313], |  35.301 (/pb) |
|             |              |               | [319-467], [472-754] |               |
| 173657:2037 |           35 |   1.724 (/pb) |              [59-93] |   1.406 (/pb) |
| 173658:2037 |          110 |   5.130 (/pb) |              [1-110] |   4.473 (/pb) |
| 173659:2037 |          313 |  13.141 (/pb) |     [1-61], [66-317] |  12.865 (/pb) |
| 173660:2037 |          353 |  13.077 (/pb) |    [1-81], [86-164], |  12.674 (/pb) |
|             |              |               | [169-357], [359-362] |               |
| 173661:2037 |          119 |   4.025 (/pb) |     [1-56], [62-63], |   3.814 (/pb) |
|             |              |               |             [65-125] |               |
| 173663:2037 |          119 |   3.842 (/pb) |     [1-71], [73-120] |   3.712 (/pb) |
| 173664:2037 |           12 | 379.138 (/nb) |               [5-16] | 373.117 (/nb) |
| 173692:2040 |         2639 |  86.608 (/pb) |  [50-93], [102-143], |  85.462 (/pb) |
|             |              |               |           [149-468], |               |
|             |              |               |          [474-1123], |               |
|             |              |               |         [1129-1162], |               |
|             |              |               |         [1168-1321], |               |
|             |              |               |         [1326-1361], |               |
|             |              |               |         [1366-1383], |               |
|             |              |               |         [1389-1431], |               |
|             |              |               |         [1436-1818], |               |
|             |              |               |         [1824-2361], |               |
|             |              |               |         [2366-2573], |               |
|             |              |               |         [2582-2710], |               |
|             |              |               |          [2715-2754] |               |

 ==  =  Total : 
| Delivered LS | Delivered(/fb) | Selected LS | Recorded(/fb) |
---------------------------------------------------------------
|       109212 |          2.362 |      109212 |         2.309 |

