POST /srm/managerv2 HTTP/1.1
Host: stormfe1.pi.infn.it:8444
User-Agent: gSOAP/2.7
Content-Type: text/xml; charset=utf-8
Content-Length: 720
Connection: close
SOAPAction: "Ls"

<?xml version="1.0" encoding="UTF-8"?>
<SOAP-ENV:Envelope xmlns:SOAP-ENV="http://schemas.xmlsoap.org/soap/envelope/" xmlns:SOAP-ENC="http://schemas.xmlsoap.org/soap/encoding/" xmlns:xsi="http://www.w3.org/2001/XMLSchema-instance" xmlns:xsd="http://www.w3.org/2001/XMLSchema" xmlns:srm2="http://srm.lbl.gov/StorageResourceManager"><SOAP-ENV:Body SOAP-ENV:encodingStyle="http://schemas.xmlsoap.org/soap/encoding/"><srm2:srmLs><srmLsRequest><arrayOfSURLs><urlArray>srm://stormfe1.pi.infn.it:8444/srm/managerv2?SFN=/cms/store/user/mmerola/SingleTop/Analysis/44XNEW/</urlArray></arrayOfSURLs><fullDetailedList>true</fullDetailedList><numOfLevels>1</numOfLevels></srmLsRequest></srm2:srmLs></SOAP-ENV:Body></SOAP-ENV:Envelope>POST /srm/managerv2 HTTP/1.1
Host: stormfe1.pi.infn.it:8444
User-Agent: gSOAP/2.7
Content-Type: text/xml; charset=utf-8
Content-Length: 726
Connection: close
SOAPAction: "Ls"

<?xml version="1.0" encoding="UTF-8"?>
<SOAP-ENV:Envelope xmlns:SOAP-ENV="http://schemas.xmlsoap.org/soap/envelope/" xmlns:SOAP-ENC="http://schemas.xmlsoap.org/soap/encoding/" xmlns:xsi="http://www.w3.org/2001/XMLSchema-instance" xmlns:xsd="http://www.w3.org/2001/XMLSchema" xmlns:srm2="http://srm.lbl.gov/StorageResourceManager"><SOAP-ENV:Body SOAP-ENV:encodingStyle="http://schemas.xmlsoap.org/soap/encoding/"><srm2:srmLs><srmLsRequest><arrayOfSURLs><urlArray>srm://stormfe1.pi.infn.it:8444/srm/managerv2?SFN=/cms/store/user/mmerola/SingleTop/Analysis/44XNEW/Fall11</urlArray></arrayOfSURLs><fullDetailedList>true</fullDetailedList><numOfLevels>1</numOfLevels></srmLsRequest></srm2:srmLs></SOAP-ENV:Body></SOAP-ENV:Envelope>POST /srm/managerv2 HTTP/1.1
Host: stormfe1.pi.infn.it:8444
User-Agent: gSOAP/2.7
Content-Type: text/xml; charset=utf-8
Content-Length: 720
Connection: close
SOAPAction: "Ls"

<?xml version="1.0" encoding="UTF-8"?>
<SOAP-ENV:Envelope xmlns:SOAP-ENV="http://schemas.xmlsoap.org/soap/envelope/" xmlns:SOAP-ENC="http://schemas.xmlsoap.org/soap/encoding/" xmlns:xsi="http://www.w3.org/2001/XMLSchema-instance" xmlns:xsd="http://www.w3.org/2001/XMLSchema" xmlns:srm2="http://srm.lbl.gov/StorageResourceManager"><SOAP-ENV:Body SOAP-ENV:encodingStyle="http://schemas.xmlsoap.org/soap/encoding/"><srm2:srmLs><srmLsRequest><arrayOfSURLs><urlArray>srm://stormfe1.pi.infn.it:8444/srm/managerv2?SFN=/cms/store/user/mmerola/SingleTop/Analysis/44XNEW/</urlArray></arrayOfSURLs><fullDetailedList>true</fullDetailedList><numOfLevels>1</numOfLevels></srmLsRequest></srm2:srmLs></SOAP-ENV:Body></SOAP-ENV:Envelope>POST /srm/managerv2 HTTP/1.1
Host: stormfe1.pi.infn.it:8444
User-Agent: gSOAP/2.7
Content-Type: text/xml; charset=utf-8
Content-Length: 726
Connection: close
SOAPAction: "Ls"

<?xml version="1.0" encoding="UTF-8"?>
<SOAP-ENV:Envelope xmlns:SOAP-ENV="http://schemas.xmlsoap.org/soap/envelope/" xmlns:SOAP-ENC="http://schemas.xmlsoap.org/soap/encoding/" xmlns:xsi="http://www.w3.org/2001/XMLSchema-instance" xmlns:xsd="http://www.w3.org/2001/XMLSchema" xmlns:srm2="http://srm.lbl.gov/StorageResourceManager"><SOAP-ENV:Body SOAP-ENV:encodingStyle="http://schemas.xmlsoap.org/soap/encoding/"><srm2:srmLs><srmLsRequest><arrayOfSURLs><urlArray>srm://stormfe1.pi.infn.it:8444/srm/managerv2?SFN=/cms/store/user/mmerola/SingleTop/Analysis/44XNEW/Fall11</urlArray></arrayOfSURLs><fullDetailedList>true</fullDetailedList><numOfLevels>1</numOfLevels></srmLsRequest></srm2:srmLs></SOAP-ENV:Body></SOAP-ENV:Envelope>POST /srm/managerv2 HTTP/1.1
Host: stormfe1.pi.infn.it:8444
User-Agent: gSOAP/2.7
Content-Type: text/xml; charset=utf-8
Content-Length: 738
Connection: close
SOAPAction: "Ls"

<?xml version="1.0" encoding="UTF-8"?>
<SOAP-ENV:Envelope xmlns:SOAP-ENV="http://schemas.xmlsoap.org/soap/envelope/" xmlns:SOAP-ENC="http://schemas.xmlsoap.org/soap/encoding/" xmlns:xsi="http://www.w3.org/2001/XMLSchema-instance" xmlns:xsd="http://www.w3.org/2001/XMLSchema" xmlns:srm2="http://srm.lbl.gov/StorageResourceManager"><SOAP-ENV:Body SOAP-ENV:encodingStyle="http://schemas.xmlsoap.org/soap/encoding/"><srm2:srmLs><srmLsRequest><arrayOfSURLs><urlArray>srm://stormfe1.pi.infn.it:8444/srm/managerv2?SFN=/cms/store/user/mmerola/SingleTop/Analysis/44XNEW/Fall11/WJetsQ2down</urlArray></arrayOfSURLs><fullDetailedList>true</fullDetailedList><numOfLevels>1</numOfLevels></srmLsRequest></srm2:srmLs></SOAP-ENV:Body></SOAP-ENV:Envelope>POST /srm/managerv2 HTTP/1.1
Host: stormfe1.pi.infn.it:8444
User-Agent: gSOAP/2.7
Content-Type: text/xml; charset=utf-8
Content-Length: 738
Connection: close
SOAPAction: "Ls"

<?xml version="1.0" encoding="UTF-8"?>
<SOAP-ENV:Envelope xmlns:SOAP-ENV="http://schemas.xmlsoap.org/soap/envelope/" xmlns:SOAP-ENC="http://schemas.xmlsoap.org/soap/encoding/" xmlns:xsi="http://www.w3.org/2001/XMLSchema-instance" xmlns:xsd="http://www.w3.org/2001/XMLSchema" xmlns:srm2="http://srm.lbl.gov/StorageResourceManager"><SOAP-ENV:Body SOAP-ENV:encodingStyle="http://schemas.xmlsoap.org/soap/encoding/"><srm2:srmLs><srmLsRequest><arrayOfSURLs><urlArray>srm://stormfe1.pi.infn.it:8444/srm/managerv2?SFN=/cms/store/user/mmerola/SingleTop/Analysis/44XNEW/Fall11/WJetsQ2down</urlArray></arrayOfSURLs><fullDetailedList>true</fullDetailedList><numOfLevels>1</numOfLevels></srmLsRequest></srm2:srmLs></SOAP-ENV:Body></SOAP-ENV:Envelope>POST /srm/managerv2 HTTP/1.1
Host: stormfe1.pi.infn.it:8444
User-Agent: gSOAP/2.7
Content-Type: text/xml; charset=utf-8
Content-Length: 738
Connection: close
SOAPAction: "Ls"

<?xml version="1.0" encoding="UTF-8"?>
<SOAP-ENV:Envelope xmlns:SOAP-ENV="http://schemas.xmlsoap.org/soap/envelope/" xmlns:SOAP-ENC="http://schemas.xmlsoap.org/soap/encoding/" xmlns:xsi="http://www.w3.org/2001/XMLSchema-instance" xmlns:xsd="http://www.w3.org/2001/XMLSchema" xmlns:srm2="http://srm.lbl.gov/StorageResourceManager"><SOAP-ENV:Body SOAP-ENV:encodingStyle="http://schemas.xmlsoap.org/soap/encoding/"><srm2:srmLs><srmLsRequest><arrayOfSURLs><urlArray>srm://stormfe1.pi.infn.it:8444/srm/managerv2?SFN=/cms/store/user/mmerola/SingleTop/Analysis/44XNEW/Fall11/WJetsQ2down</urlArray></arrayOfSURLs><fullDetailedList>true</fullDetailedList><numOfLevels>1</numOfLevels></srmLsRequest></srm2:srmLs></SOAP-ENV:Body></SOAP-ENV:Envelope>POST /srm/managerv2 HTTP/1.1
Host: stormfe1.pi.infn.it:8444
User-Agent: gSOAP/2.7
Content-Type: text/xml; charset=utf-8
Content-Length: 742
Connection: close
SOAPAction: "Ls"

<?xml version="1.0" encoding="UTF-8"?>
<SOAP-ENV:Envelope xmlns:SOAP-ENV="http://schemas.xmlsoap.org/soap/envelope/" xmlns:SOAP-ENC="http://schemas.xmlsoap.org/soap/encoding/" xmlns:xsi="http://www.w3.org/2001/XMLSchema-instance" xmlns:xsd="http://www.w3.org/2001/XMLSchema" xmlns:srm2="http://srm.lbl.gov/StorageResourceManager"><SOAP-ENV:Body SOAP-ENV:encodingStyle="http://schemas.xmlsoap.org/soap/encoding/"><srm2:srmLs><srmLsRequest><arrayOfSURLs><urlArray>srm://stormfe1.pi.infn.it:8444/srm/managerv2?SFN=/cms/store/user/mmerola/SingleTop/Analysis/44XNEW/Trees/TTBarQ2down.root</urlArray></arrayOfSURLs><fullDetailedList>true</fullDetailedList><numOfLevels>0</numOfLevels></srmLsRequest></srm2:srmLs></SOAP-ENV:Body></SOAP-ENV:Envelope>POST /srm/managerv2 HTTP/1.1
Host: stormfe1.pi.infn.it:8444
User-Agent: gSOAP/2.7
Content-Type: text/xml; charset=utf-8
Content-Length: 1000
Connection: close
SOAPAction: "PrepareToGet"

<?xml version="1.0" encoding="UTF-8"?>
<SOAP-ENV:Envelope xmlns:SOAP-ENV="http://schemas.xmlsoap.org/soap/envelope/" xmlns:SOAP-ENC="http://schemas.xmlsoap.org/soap/encoding/" xmlns:xsi="http://www.w3.org/2001/XMLSchema-instance" xmlns:xsd="http://www.w3.org/2001/XMLSchema" xmlns:srm2="http://srm.lbl.gov/StorageResourceManager"><SOAP-ENV:Body SOAP-ENV:encodingStyle="http://schemas.xmlsoap.org/soap/encoding/"><srm2:srmPrepareToGet><srmPrepareToGetRequest><arrayOfFileRequests><requestArray><sourceSURL>srm://stormfe1.pi.infn.it:8444/srm/managerv2?SFN=/cms/store/user/mmerola/SingleTop/Analysis/44XNEW/Trees/TTBarQ2down.root</sourceSURL></requestArray></arrayOfFileRequests><desiredFileStorageType>PERMANENT</desiredFileStorageType><desiredTotalRequestTime>3600</desiredTotalRequestTime><transferParameters><arrayOfTransferProtocols><stringArray>gsiftp</stringArray></arrayOfTransferProtocols></transferParameters></srmPrepareToGetRequest></srm2:srmPrepareToGet></SOAP-ENV:Body></SOAP-ENV:Envelope>POST /srm/managerv2 HTTP/1.1
Host: stormfe1.pi.infn.it:8444
User-Agent: gSOAP/2.7
Content-Type: text/xml; charset=utf-8
Content-Length: 631
Connection: close
SOAPAction: "StatusOfGetRequest"

<?xml version="1.0" encoding="UTF-8"?>
<SOAP-ENV:Envelope xmlns:SOAP-ENV="http://schemas.xmlsoap.org/soap/envelope/" xmlns:SOAP-ENC="http://schemas.xmlsoap.org/soap/encoding/" xmlns:xsi="http://www.w3.org/2001/XMLSchema-instance" xmlns:xsd="http://www.w3.org/2001/XMLSchema" xmlns:srm2="http://srm.lbl.gov/StorageResourceManager"><SOAP-ENV:Body SOAP-ENV:encodingStyle="http://schemas.xmlsoap.org/soap/encoding/"><srm2:srmStatusOfGetRequest><srmStatusOfGetRequestRequest><requestToken>95c57f29-95c2-4033-aaa9-876fa314fcf2</requestToken></srmStatusOfGetRequestRequest></srm2:srmStatusOfGetRequest></SOAP-ENV:Body></SOAP-ENV:Envelope>POST /srm/managerv2 HTTP/1.1
Host: stormfe1.pi.infn.it:8444
User-Agent: gSOAP/2.7
Content-Type: text/xml; charset=utf-8
Content-Length: 740
Connection: close
SOAPAction: "Ls"

<?xml version="1.0" encoding="UTF-8"?>
<SOAP-ENV:Envelope xmlns:SOAP-ENV="http://schemas.xmlsoap.org/soap/envelope/" xmlns:SOAP-ENC="http://schemas.xmlsoap.org/soap/encoding/" xmlns:xsi="http://www.w3.org/2001/XMLSchema-instance" xmlns:xsd="http://www.w3.org/2001/XMLSchema" xmlns:srm2="http://srm.lbl.gov/StorageResourceManager"><SOAP-ENV:Body SOAP-ENV:encodingStyle="http://schemas.xmlsoap.org/soap/encoding/"><srm2:srmLs><srmLsRequest><arrayOfSURLs><urlArray>srm://stormfe1.pi.infn.it:8444/srm/managerv2?SFN=/cms/store/user/mmerola/SingleTop/Analysis/44XNEW/Trees/TTBarQ2up.root</urlArray></arrayOfSURLs><fullDetailedList>true</fullDetailedList><numOfLevels>0</numOfLevels></srmLsRequest></srm2:srmLs></SOAP-ENV:Body></SOAP-ENV:Envelope>POST /srm/managerv2 HTTP/1.1
Host: stormfe1.pi.infn.it:8444
User-Agent: gSOAP/2.7
Content-Type: text/xml; charset=utf-8
Content-Length: 998
Connection: close
SOAPAction: "PrepareToGet"

<?xml version="1.0" encoding="UTF-8"?>
<SOAP-ENV:Envelope xmlns:SOAP-ENV="http://schemas.xmlsoap.org/soap/envelope/" xmlns:SOAP-ENC="http://schemas.xmlsoap.org/soap/encoding/" xmlns:xsi="http://www.w3.org/2001/XMLSchema-instance" xmlns:xsd="http://www.w3.org/2001/XMLSchema" xmlns:srm2="http://srm.lbl.gov/StorageResourceManager"><SOAP-ENV:Body SOAP-ENV:encodingStyle="http://schemas.xmlsoap.org/soap/encoding/"><srm2:srmPrepareToGet><srmPrepareToGetRequest><arrayOfFileRequests><requestArray><sourceSURL>srm://stormfe1.pi.infn.it:8444/srm/managerv2?SFN=/cms/store/user/mmerola/SingleTop/Analysis/44XNEW/Trees/TTBarQ2up.root</sourceSURL></requestArray></arrayOfFileRequests><desiredFileStorageType>PERMANENT</desiredFileStorageType><desiredTotalRequestTime>3600</desiredTotalRequestTime><transferParameters><arrayOfTransferProtocols><stringArray>gsiftp</stringArray></arrayOfTransferProtocols></transferParameters></srmPrepareToGetRequest></srm2:srmPrepareToGet></SOAP-ENV:Body></SOAP-ENV:Envelope>POST /srm/managerv2 HTTP/1.1
Host: stormfe1.pi.infn.it:8444
User-Agent: gSOAP/2.7
Content-Type: text/xml; charset=utf-8
Content-Length: 631
Connection: close
SOAPAction: "StatusOfGetRequest"

<?xml version="1.0" encoding="UTF-8"?>
<SOAP-ENV:Envelope xmlns:SOAP-ENV="http://schemas.xmlsoap.org/soap/envelope/" xmlns:SOAP-ENC="http://schemas.xmlsoap.org/soap/encoding/" xmlns:xsi="http://www.w3.org/2001/XMLSchema-instance" xmlns:xsd="http://www.w3.org/2001/XMLSchema" xmlns:srm2="http://srm.lbl.gov/StorageResourceManager"><SOAP-ENV:Body SOAP-ENV:encodingStyle="http://schemas.xmlsoap.org/soap/encoding/"><srm2:srmStatusOfGetRequest><srmStatusOfGetRequestRequest><requestToken>8b5089a1-c81f-4aed-b327-b6daf41f16a9</requestToken></srmStatusOfGetRequestRequest></srm2:srmStatusOfGetRequest></SOAP-ENV:Body></SOAP-ENV:Envelope>POST /srm/managerv2 HTTP/1.1
Host: stormfe1.pi.infn.it:8444
User-Agent: gSOAP/2.7
Content-Type: text/xml; charset=utf-8
Content-Length: 740
Connection: close
SOAPAction: "Ls"

<?xml version="1.0" encoding="UTF-8"?>
<SOAP-ENV:Envelope xmlns:SOAP-ENV="http://schemas.xmlsoap.org/soap/envelope/" xmlns:SOAP-ENC="http://schemas.xmlsoap.org/soap/encoding/" xmlns:xsi="http://www.w3.org/2001/XMLSchema-instance" xmlns:xsd="http://www.w3.org/2001/XMLSchema" xmlns:srm2="http://srm.lbl.gov/StorageResourceManager"><SOAP-ENV:Body SOAP-ENV:encodingStyle="http://schemas.xmlsoap.org/soap/encoding/"><srm2:srmLs><srmLsRequest><arrayOfSURLs><urlArray>srm://stormfe1.pi.infn.it:8444/srm/managerv2?SFN=/cms/store/user/mmerola/SingleTop/Analysis/44XNEW/Trees/WJetsQ2up.root</urlArray></arrayOfSURLs><fullDetailedList>true</fullDetailedList><numOfLevels>0</numOfLevels></srmLsRequest></srm2:srmLs></SOAP-ENV:Body></SOAP-ENV:Envelope>POST /srm/managerv2 HTTP/1.1
Host: stormfe1.pi.infn.it:8444
User-Agent: gSOAP/2.7
Content-Type: text/xml; charset=utf-8
Content-Length: 998
Connection: close
SOAPAction: "PrepareToGet"

<?xml version="1.0" encoding="UTF-8"?>
<SOAP-ENV:Envelope xmlns:SOAP-ENV="http://schemas.xmlsoap.org/soap/envelope/" xmlns:SOAP-ENC="http://schemas.xmlsoap.org/soap/encoding/" xmlns:xsi="http://www.w3.org/2001/XMLSchema-instance" xmlns:xsd="http://www.w3.org/2001/XMLSchema" xmlns:srm2="http://srm.lbl.gov/StorageResourceManager"><SOAP-ENV:Body SOAP-ENV:encodingStyle="http://schemas.xmlsoap.org/soap/encoding/"><srm2:srmPrepareToGet><srmPrepareToGetRequest><arrayOfFileRequests><requestArray><sourceSURL>srm://stormfe1.pi.infn.it:8444/srm/managerv2?SFN=/cms/store/user/mmerola/SingleTop/Analysis/44XNEW/Trees/WJetsQ2up.root</sourceSURL></requestArray></arrayOfFileRequests><desiredFileStorageType>PERMANENT</desiredFileStorageType><desiredTotalRequestTime>3600</desiredTotalRequestTime><transferParameters><arrayOfTransferProtocols><stringArray>gsiftp</stringArray></arrayOfTransferProtocols></transferParameters></srmPrepareToGetRequest></srm2:srmPrepareToGet></SOAP-ENV:Body></SOAP-ENV:Envelope>POST /srm/managerv2 HTTP/1.1
Host: stormfe1.pi.infn.it:8444
User-Agent: gSOAP/2.7
Content-Type: text/xml; charset=utf-8
Content-Length: 631
Connection: close
SOAPAction: "StatusOfGetRequest"

<?xml version="1.0" encoding="UTF-8"?>
<SOAP-ENV:Envelope xmlns:SOAP-ENV="http://schemas.xmlsoap.org/soap/envelope/" xmlns:SOAP-ENC="http://schemas.xmlsoap.org/soap/encoding/" xmlns:xsi="http://www.w3.org/2001/XMLSchema-instance" xmlns:xsd="http://www.w3.org/2001/XMLSchema" xmlns:srm2="http://srm.lbl.gov/StorageResourceManager"><SOAP-ENV:Body SOAP-ENV:encodingStyle="http://schemas.xmlsoap.org/soap/encoding/"><srm2:srmStatusOfGetRequest><srmStatusOfGetRequestRequest><requestToken>67afe179-0209-4b12-9fcd-682b53829f27</requestToken></srmStatusOfGetRequestRequest></srm2:srmStatusOfGetRequest></SOAP-ENV:Body></SOAP-ENV:Envelope>POST /srm/managerv2 HTTP/1.1
Host: stormfe1.pi.infn.it:8444
User-Agent: gSOAP/2.7
Content-Type: text/xml; charset=utf-8
Content-Length: 742
Connection: close
SOAPAction: "Ls"

<?xml version="1.0" encoding="UTF-8"?>
<SOAP-ENV:Envelope xmlns:SOAP-ENV="http://schemas.xmlsoap.org/soap/envelope/" xmlns:SOAP-ENC="http://schemas.xmlsoap.org/soap/encoding/" xmlns:xsi="http://www.w3.org/2001/XMLSchema-instance" xmlns:xsd="http://www.w3.org/2001/XMLSchema" xmlns:srm2="http://srm.lbl.gov/StorageResourceManager"><SOAP-ENV:Body SOAP-ENV:encodingStyle="http://schemas.xmlsoap.org/soap/encoding/"><srm2:srmLs><srmLsRequest><arrayOfSURLs><urlArray>srm://stormfe1.pi.infn.it:8444/srm/managerv2?SFN=/cms/store/user/mmerola/SingleTop/Analysis/44XNEW/Trees/WJetsQ2down.root</urlArray></arrayOfSURLs><fullDetailedList>true</fullDetailedList><numOfLevels>0</numOfLevels></srmLsRequest></srm2:srmLs></SOAP-ENV:Body></SOAP-ENV:Envelope>POST /srm/managerv2 HTTP/1.1
Host: stormfe1.pi.infn.it:8444
User-Agent: gSOAP/2.7
Content-Type: text/xml; charset=utf-8
Content-Length: 1000
Connection: close
SOAPAction: "PrepareToGet"

<?xml version="1.0" encoding="UTF-8"?>
<SOAP-ENV:Envelope xmlns:SOAP-ENV="http://schemas.xmlsoap.org/soap/envelope/" xmlns:SOAP-ENC="http://schemas.xmlsoap.org/soap/encoding/" xmlns:xsi="http://www.w3.org/2001/XMLSchema-instance" xmlns:xsd="http://www.w3.org/2001/XMLSchema" xmlns:srm2="http://srm.lbl.gov/StorageResourceManager"><SOAP-ENV:Body SOAP-ENV:encodingStyle="http://schemas.xmlsoap.org/soap/encoding/"><srm2:srmPrepareToGet><srmPrepareToGetRequest><arrayOfFileRequests><requestArray><sourceSURL>srm://stormfe1.pi.infn.it:8444/srm/managerv2?SFN=/cms/store/user/mmerola/SingleTop/Analysis/44XNEW/Trees/WJetsQ2down.root</sourceSURL></requestArray></arrayOfFileRequests><desiredFileStorageType>PERMANENT</desiredFileStorageType><desiredTotalRequestTime>3600</desiredTotalRequestTime><transferParameters><arrayOfTransferProtocols><stringArray>gsiftp</stringArray></arrayOfTransferProtocols></transferParameters></srmPrepareToGetRequest></srm2:srmPrepareToGet></SOAP-ENV:Body></SOAP-ENV:Envelope>POST /srm/managerv2 HTTP/1.1
Host: stormfe1.pi.infn.it:8444
User-Agent: gSOAP/2.7
Content-Type: text/xml; charset=utf-8
Content-Length: 776
Connection: close
SOAPAction: "ReleaseFiles"

<?xml version="1.0" encoding="UTF-8"?>
<SOAP-ENV:Envelope xmlns:SOAP-ENV="http://schemas.xmlsoap.org/soap/envelope/" xmlns:SOAP-ENC="http://schemas.xmlsoap.org/soap/encoding/" xmlns:xsi="http://www.w3.org/2001/XMLSchema-instance" xmlns:xsd="http://www.w3.org/2001/XMLSchema" xmlns:srm2="http://srm.lbl.gov/StorageResourceManager"><SOAP-ENV:Body SOAP-ENV:encodingStyle="http://schemas.xmlsoap.org/soap/encoding/"><srm2:srmReleaseFiles><srmReleaseFilesRequest><requestToken>67afe179-0209-4b12-9fcd-682b53829f27</requestToken><arrayOfSURLs><urlArray>srm://stormfe1.pi.infn.it:8444/srm/managerv2?SFN=/cms/store/user/mmerola/SingleTop/Analysis/44XNEW/Trees/WJetsQ2up.root</urlArray></arrayOfSURLs></srmReleaseFilesRequest></srm2:srmReleaseFiles></SOAP-ENV:Body></SOAP-ENV:Envelope>POST /srm/managerv2 HTTP/1.1
Host: stormfe1.pi.infn.it:8444
User-Agent: gSOAP/2.7
Content-Type: text/xml; charset=utf-8
Content-Length: 631
Connection: close
SOAPAction: "StatusOfGetRequest"

<?xml version="1.0" encoding="UTF-8"?>
<SOAP-ENV:Envelope xmlns:SOAP-ENV="http://schemas.xmlsoap.org/soap/envelope/" xmlns:SOAP-ENC="http://schemas.xmlsoap.org/soap/encoding/" xmlns:xsi="http://www.w3.org/2001/XMLSchema-instance" xmlns:xsd="http://www.w3.org/2001/XMLSchema" xmlns:srm2="http://srm.lbl.gov/StorageResourceManager"><SOAP-ENV:Body SOAP-ENV:encodingStyle="http://schemas.xmlsoap.org/soap/encoding/"><srm2:srmStatusOfGetRequest><srmStatusOfGetRequestRequest><requestToken>ce00b110-0e5b-421e-b0d0-143ba96d0c62</requestToken></srmStatusOfGetRequestRequest></srm2:srmStatusOfGetRequest></SOAP-ENV:Body></SOAP-ENV:Envelope>POST /srm/managerv2 HTTP/1.1
Host: stormfe1.pi.infn.it:8444
User-Agent: gSOAP/2.7
Content-Type: text/xml; charset=utf-8
Content-Length: 778
Connection: close
SOAPAction: "ReleaseFiles"

<?xml version="1.0" encoding="UTF-8"?>
<SOAP-ENV:Envelope xmlns:SOAP-ENV="http://schemas.xmlsoap.org/soap/envelope/" xmlns:SOAP-ENC="http://schemas.xmlsoap.org/soap/encoding/" xmlns:xsi="http://www.w3.org/2001/XMLSchema-instance" xmlns:xsd="http://www.w3.org/2001/XMLSchema" xmlns:srm2="http://srm.lbl.gov/StorageResourceManager"><SOAP-ENV:Body SOAP-ENV:encodingStyle="http://schemas.xmlsoap.org/soap/encoding/"><srm2:srmReleaseFiles><srmReleaseFilesRequest><requestToken>95c57f29-95c2-4033-aaa9-876fa314fcf2</requestToken><arrayOfSURLs><urlArray>srm://stormfe1.pi.infn.it:8444/srm/managerv2?SFN=/cms/store/user/mmerola/SingleTop/Analysis/44XNEW/Trees/TTBarQ2down.root</urlArray></arrayOfSURLs></srmReleaseFilesRequest></srm2:srmReleaseFiles></SOAP-ENV:Body></SOAP-ENV:Envelope>POST /srm/managerv2 HTTP/1.1
Host: stormfe1.pi.infn.it:8444
User-Agent: gSOAP/2.7
Content-Type: text/xml; charset=utf-8
Content-Length: 778
Connection: close
SOAPAction: "ReleaseFiles"

<?xml version="1.0" encoding="UTF-8"?>
<SOAP-ENV:Envelope xmlns:SOAP-ENV="http://schemas.xmlsoap.org/soap/envelope/" xmlns:SOAP-ENC="http://schemas.xmlsoap.org/soap/encoding/" xmlns:xsi="http://www.w3.org/2001/XMLSchema-instance" xmlns:xsd="http://www.w3.org/2001/XMLSchema" xmlns:srm2="http://srm.lbl.gov/StorageResourceManager"><SOAP-ENV:Body SOAP-ENV:encodingStyle="http://schemas.xmlsoap.org/soap/encoding/"><srm2:srmReleaseFiles><srmReleaseFilesRequest><requestToken>ce00b110-0e5b-421e-b0d0-143ba96d0c62</requestToken><arrayOfSURLs><urlArray>srm://stormfe1.pi.infn.it:8444/srm/managerv2?SFN=/cms/store/user/mmerola/SingleTop/Analysis/44XNEW/Trees/WJetsQ2down.root</urlArray></arrayOfSURLs></srmReleaseFilesRequest></srm2:srmReleaseFiles></SOAP-ENV:Body></SOAP-ENV:Envelope>POST /srm/managerv2 HTTP/1.1
Host: stormfe1.pi.infn.it:8444
User-Agent: gSOAP/2.7
Content-Type: text/xml; charset=utf-8
Content-Length: 776
Connection: close
SOAPAction: "ReleaseFiles"

<?xml version="1.0" encoding="UTF-8"?>
<SOAP-ENV:Envelope xmlns:SOAP-ENV="http://schemas.xmlsoap.org/soap/envelope/" xmlns:SOAP-ENC="http://schemas.xmlsoap.org/soap/encoding/" xmlns:xsi="http://www.w3.org/2001/XMLSchema-instance" xmlns:xsd="http://www.w3.org/2001/XMLSchema" xmlns:srm2="http://srm.lbl.gov/StorageResourceManager"><SOAP-ENV:Body SOAP-ENV:encodingStyle="http://schemas.xmlsoap.org/soap/encoding/"><srm2:srmReleaseFiles><srmReleaseFilesRequest><requestToken>8b5089a1-c81f-4aed-b327-b6daf41f16a9</requestToken><arrayOfSURLs><urlArray>srm://stormfe1.pi.infn.it:8444/srm/managerv2?SFN=/cms/store/user/mmerola/SingleTop/Analysis/44XNEW/Trees/TTBarQ2up.root</urlArray></arrayOfSURLs></srmReleaseFilesRequest></srm2:srmReleaseFiles></SOAP-ENV:Body></SOAP-ENV:Envelope>POST /srm/managerv2 HTTP/1.1
Host: stormfe1.pi.infn.it:8444
User-Agent: gSOAP/2.7
Content-Type: text/xml; charset=utf-8
Content-Length: 740
Connection: close
SOAPAction: "Ls"

<?xml version="1.0" encoding="UTF-8"?>
<SOAP-ENV:Envelope xmlns:SOAP-ENV="http://schemas.xmlsoap.org/soap/envelope/" xmlns:SOAP-ENC="http://schemas.xmlsoap.org/soap/encoding/" xmlns:xsi="http://www.w3.org/2001/XMLSchema-instance" xmlns:xsd="http://www.w3.org/2001/XMLSchema" xmlns:srm2="http://srm.lbl.gov/StorageResourceManager"><SOAP-ENV:Body SOAP-ENV:encodingStyle="http://schemas.xmlsoap.org/soap/encoding/"><srm2:srmLs><srmLsRequest><arrayOfSURLs><urlArray>srm://stormfe1.pi.infn.it:8444/srm/managerv2?SFN=/cms/store/user/mmerola/SingleTop/Analysis/44XNEW/Trees/WJetsQ2up.root</urlArray></arrayOfSURLs><fullDetailedList>true</fullDetailedList><numOfLevels>0</numOfLevels></srmLsRequest></srm2:srmLs></SOAP-ENV:Body></SOAP-ENV:Envelope>POST /srm/managerv2 HTTP/1.1
Host: stormfe1.pi.infn.it:8444
User-Agent: gSOAP/2.7
Content-Type: text/xml; charset=utf-8
Content-Length: 998
Connection: close
SOAPAction: "PrepareToGet"

<?xml version="1.0" encoding="UTF-8"?>
<SOAP-ENV:Envelope xmlns:SOAP-ENV="http://schemas.xmlsoap.org/soap/envelope/" xmlns:SOAP-ENC="http://schemas.xmlsoap.org/soap/encoding/" xmlns:xsi="http://www.w3.org/2001/XMLSchema-instance" xmlns:xsd="http://www.w3.org/2001/XMLSchema" xmlns:srm2="http://srm.lbl.gov/StorageResourceManager"><SOAP-ENV:Body SOAP-ENV:encodingStyle="http://schemas.xmlsoap.org/soap/encoding/"><srm2:srmPrepareToGet><srmPrepareToGetRequest><arrayOfFileRequests><requestArray><sourceSURL>srm://stormfe1.pi.infn.it:8444/srm/managerv2?SFN=/cms/store/user/mmerola/SingleTop/Analysis/44XNEW/Trees/WJetsQ2up.root</sourceSURL></requestArray></arrayOfFileRequests><desiredFileStorageType>PERMANENT</desiredFileStorageType><desiredTotalRequestTime>3600</desiredTotalRequestTime><transferParameters><arrayOfTransferProtocols><stringArray>gsiftp</stringArray></arrayOfTransferProtocols></transferParameters></srmPrepareToGetRequest></srm2:srmPrepareToGet></SOAP-ENV:Body></SOAP-ENV:Envelope>POST /srm/managerv2 HTTP/1.1
Host: stormfe1.pi.infn.it:8444
User-Agent: gSOAP/2.7
Content-Type: text/xml; charset=utf-8
Content-Length: 631
Connection: close
SOAPAction: "StatusOfGetRequest"

<?xml version="1.0" encoding="UTF-8"?>
<SOAP-ENV:Envelope xmlns:SOAP-ENV="http://schemas.xmlsoap.org/soap/envelope/" xmlns:SOAP-ENC="http://schemas.xmlsoap.org/soap/encoding/" xmlns:xsi="http://www.w3.org/2001/XMLSchema-instance" xmlns:xsd="http://www.w3.org/2001/XMLSchema" xmlns:srm2="http://srm.lbl.gov/StorageResourceManager"><SOAP-ENV:Body SOAP-ENV:encodingStyle="http://schemas.xmlsoap.org/soap/encoding/"><srm2:srmStatusOfGetRequest><srmStatusOfGetRequestRequest><requestToken>959f2888-98b2-41bc-986d-28a4bebcb22c</requestToken></srmStatusOfGetRequestRequest></srm2:srmStatusOfGetRequest></SOAP-ENV:Body></SOAP-ENV:Envelope>POST /srm/managerv2 HTTP/1.1
Host: stormfe1.pi.infn.it:8444
User-Agent: gSOAP/2.7
Content-Type: text/xml; charset=utf-8
Content-Length: 776
Connection: close
SOAPAction: "ReleaseFiles"

<?xml version="1.0" encoding="UTF-8"?>
<SOAP-ENV:Envelope xmlns:SOAP-ENV="http://schemas.xmlsoap.org/soap/envelope/" xmlns:SOAP-ENC="http://schemas.xmlsoap.org/soap/encoding/" xmlns:xsi="http://www.w3.org/2001/XMLSchema-instance" xmlns:xsd="http://www.w3.org/2001/XMLSchema" xmlns:srm2="http://srm.lbl.gov/StorageResourceManager"><SOAP-ENV:Body SOAP-ENV:encodingStyle="http://schemas.xmlsoap.org/soap/encoding/"><srm2:srmReleaseFiles><srmReleaseFilesRequest><requestToken>959f2888-98b2-41bc-986d-28a4bebcb22c</requestToken><arrayOfSURLs><urlArray>srm://stormfe1.pi.infn.it:8444/srm/managerv2?SFN=/cms/store/user/mmerola/SingleTop/Analysis/44XNEW/Trees/WJetsQ2up.root</urlArray></arrayOfSURLs></srmReleaseFilesRequest></srm2:srmReleaseFiles></SOAP-ENV:Body></SOAP-ENV:Envelope>POST /srm/managerv2 HTTP/1.1
Host: stormfe1.pi.infn.it:8444
User-Agent: gSOAP/2.7
Content-Type: text/xml; charset=utf-8
Content-Length: 736
Connection: close
SOAPAction: "Ls"

<?xml version="1.0" encoding="UTF-8"?>
<SOAP-ENV:Envelope xmlns:SOAP-ENV="http://schemas.xmlsoap.org/soap/envelope/" xmlns:SOAP-ENC="http://schemas.xmlsoap.org/soap/encoding/" xmlns:xsi="http://www.w3.org/2001/XMLSchema-instance" xmlns:xsd="http://www.w3.org/2001/XMLSchema" xmlns:srm2="http://srm.lbl.gov/StorageResourceManager"><SOAP-ENV:Body SOAP-ENV:encodingStyle="http://schemas.xmlsoap.org/soap/encoding/"><srm2:srmLs><srmLsRequest><arrayOfSURLs><urlArray>srm://stormfe1.pi.infn.it:8444/srm/managerv2?SFN=/cms/store/user/mmerola/SingleTop/Analysis/44XNEW/Trees/WJets.root</urlArray></arrayOfSURLs><fullDetailedList>true</fullDetailedList><numOfLevels>0</numOfLevels></srmLsRequest></srm2:srmLs></SOAP-ENV:Body></SOAP-ENV:Envelope>POST /srm/managerv2 HTTP/1.1
Host: stormfe1.pi.infn.it:8444
User-Agent: gSOAP/2.7
Content-Type: text/xml; charset=utf-8
Content-Length: 994
Connection: close
SOAPAction: "PrepareToGet"

<?xml version="1.0" encoding="UTF-8"?>
<SOAP-ENV:Envelope xmlns:SOAP-ENV="http://schemas.xmlsoap.org/soap/envelope/" xmlns:SOAP-ENC="http://schemas.xmlsoap.org/soap/encoding/" xmlns:xsi="http://www.w3.org/2001/XMLSchema-instance" xmlns:xsd="http://www.w3.org/2001/XMLSchema" xmlns:srm2="http://srm.lbl.gov/StorageResourceManager"><SOAP-ENV:Body SOAP-ENV:encodingStyle="http://schemas.xmlsoap.org/soap/encoding/"><srm2:srmPrepareToGet><srmPrepareToGetRequest><arrayOfFileRequests><requestArray><sourceSURL>srm://stormfe1.pi.infn.it:8444/srm/managerv2?SFN=/cms/store/user/mmerola/SingleTop/Analysis/44XNEW/Trees/WJets.root</sourceSURL></requestArray></arrayOfFileRequests><desiredFileStorageType>PERMANENT</desiredFileStorageType><desiredTotalRequestTime>3600</desiredTotalRequestTime><transferParameters><arrayOfTransferProtocols><stringArray>gsiftp</stringArray></arrayOfTransferProtocols></transferParameters></srmPrepareToGetRequest></srm2:srmPrepareToGet></SOAP-ENV:Body></SOAP-ENV:Envelope>POST /srm/managerv2 HTTP/1.1
Host: stormfe1.pi.infn.it:8444
User-Agent: gSOAP/2.7
Content-Type: text/xml; charset=utf-8
Content-Length: 631
Connection: close
SOAPAction: "StatusOfGetRequest"

<?xml version="1.0" encoding="UTF-8"?>
<SOAP-ENV:Envelope xmlns:SOAP-ENV="http://schemas.xmlsoap.org/soap/envelope/" xmlns:SOAP-ENC="http://schemas.xmlsoap.org/soap/encoding/" xmlns:xsi="http://www.w3.org/2001/XMLSchema-instance" xmlns:xsd="http://www.w3.org/2001/XMLSchema" xmlns:srm2="http://srm.lbl.gov/StorageResourceManager"><SOAP-ENV:Body SOAP-ENV:encodingStyle="http://schemas.xmlsoap.org/soap/encoding/"><srm2:srmStatusOfGetRequest><srmStatusOfGetRequestRequest><requestToken>532eaf68-93e0-4e4d-bf4a-99c6c1c76203</requestToken></srmStatusOfGetRequestRequest></srm2:srmStatusOfGetRequest></SOAP-ENV:Body></SOAP-ENV:Envelope>POST /srm/managerv2 HTTP/1.1
Host: stormfe1.pi.infn.it:8444
User-Agent: gSOAP/2.7
Content-Type: text/xml; charset=utf-8
Content-Length: 772
Connection: close
SOAPAction: "ReleaseFiles"

<?xml version="1.0" encoding="UTF-8"?>
<SOAP-ENV:Envelope xmlns:SOAP-ENV="http://schemas.xmlsoap.org/soap/envelope/" xmlns:SOAP-ENC="http://schemas.xmlsoap.org/soap/encoding/" xmlns:xsi="http://www.w3.org/2001/XMLSchema-instance" xmlns:xsd="http://www.w3.org/2001/XMLSchema" xmlns:srm2="http://srm.lbl.gov/StorageResourceManager"><SOAP-ENV:Body SOAP-ENV:encodingStyle="http://schemas.xmlsoap.org/soap/encoding/"><srm2:srmReleaseFiles><srmReleaseFilesRequest><requestToken>532eaf68-93e0-4e4d-bf4a-99c6c1c76203</requestToken><arrayOfSURLs><urlArray>srm://stormfe1.pi.infn.it:8444/srm/managerv2?SFN=/cms/store/user/mmerola/SingleTop/Analysis/44XNEW/Trees/WJets.root</urlArray></arrayOfSURLs></srmReleaseFilesRequest></srm2:srmReleaseFiles></SOAP-ENV:Body></SOAP-ENV:Envelope>POST /srm/managerv2 HTTP/1.1
Host: stormfe1.pi.infn.it:8444
User-Agent: gSOAP/2.7
Content-Type: text/xml; charset=utf-8
Content-Length: 726
Connection: close
SOAPAction: "Ls"

<?xml version="1.0" encoding="UTF-8"?>
<SOAP-ENV:Envelope xmlns:SOAP-ENV="http://schemas.xmlsoap.org/soap/envelope/" xmlns:SOAP-ENC="http://schemas.xmlsoap.org/soap/encoding/" xmlns:xsi="http://www.w3.org/2001/XMLSchema-instance" xmlns:xsd="http://www.w3.org/2001/XMLSchema" xmlns:srm2="http://srm.lbl.gov/StorageResourceManager"><SOAP-ENV:Body SOAP-ENV:encodingStyle="http://schemas.xmlsoap.org/soap/encoding/"><srm2:srmLs><srmLsRequest><arrayOfSURLs><urlArray>srm://stormfe1.pi.infn.it:8444/srm/managerv2?SFN=/cms/store/user/mmerola/SingleTop/Analysis/44XNEW/Merged</urlArray></arrayOfSURLs><fullDetailedList>true</fullDetailedList><numOfLevels>1</numOfLevels></srmLsRequest></srm2:srmLs></SOAP-ENV:Body></SOAP-ENV:Envelope>